{"log":"[2017-10-18T07:11:29.820Z] [INFO] Slf4jLogger started\n","stream":"stdout","time":"2017-10-18T07:11:29.83419575Z"}
{"log":"[2017-10-18T07:11:30.877Z] [INFO] [??] [Config] environment set value for db.whisk.actions\n","stream":"stdout","time":"2017-10-18T07:11:30.887638231Z"}
{"log":"[2017-10-18T07:11:30.879Z] [INFO] [??] [Config] environment set value for limits.actions.sequence.maxLength\n","stream":"stdout","time":"2017-10-18T07:11:30.887710953Z"}
{"log":"[2017-10-18T07:11:30.880Z] [INFO] [??] [Config] environment set value for limits.triggers.fires.perMinute\n","stream":"stdout","time":"2017-10-18T07:11:30.887722495Z"}
{"log":"[2017-10-18T07:11:30.880Z] [INFO] [??] [Config] environment set value for db.protocol\n","stream":"stdout","time":"2017-10-18T07:11:30.887731063Z"}
{"log":"[2017-10-18T07:11:30.880Z] [INFO] [??] [Config] environment set value for akka.cluster.seed.nodes\n","stream":"stdout","time":"2017-10-18T07:11:30.887739029Z"}
{"log":"[2017-10-18T07:11:30.881Z] [INFO] [??] [Config] environment set value for loadbalancer.invokerBusyThreshold\n","stream":"stdout","time":"2017-10-18T07:11:30.887746795Z"}
{"log":"[2017-10-18T07:11:30.881Z] [INFO] [??] [Config] environment set value for controller.instances\n","stream":"stdout","time":"2017-10-18T07:11:30.887753872Z"}
{"log":"[2017-10-18T07:11:30.881Z] [INFO] [??] [Config] environment set value for limits.actions.invokes.concurrent\n","stream":"stdout","time":"2017-10-18T07:11:30.887760751Z"}
{"log":"[2017-10-18T07:11:30.882Z] [INFO] [??] [Config] environment set value for whisk.version.date\n","stream":"stdout","time":"2017-10-18T07:11:30.887767655Z"}
{"log":"[2017-10-18T07:11:30.882Z] [INFO] [??] [Config] environment set value for controller.localBookkeeping\n","stream":"stdout","time":"2017-10-18T07:11:30.887775228Z"}
{"log":"[2017-10-18T07:11:30.882Z] [INFO] [??] [Config] environment set value for db.port\n","stream":"stdout","time":"2017-10-18T07:11:30.887782432Z"}
{"log":"[2017-10-18T07:11:30.883Z] [INFO] [??] [Config] environment set value for whisk.version.buildno\n","stream":"stdout","time":"2017-10-18T07:11:30.887790139Z"}
{"log":"[2017-10-18T07:11:30.883Z] [INFO] [??] [Config] environment set value for db.username\n","stream":"stdout","time":"2017-10-18T07:11:30.887798146Z"}
{"log":"[2017-10-18T07:11:30.883Z] [INFO] [??] [Config] environment set value for db.whisk.activations\n","stream":"stdout","time":"2017-10-18T07:11:30.887806151Z"}
{"log":"[2017-10-18T07:11:30.884Z] [INFO] [??] [Config] environment set value for limits.actions.invokes.perMinute\n","stream":"stdout","time":"2017-10-18T07:11:30.887813928Z"}
{"log":"[2017-10-18T07:11:30.884Z] [INFO] [??] [Config] environment set value for db.whisk.auths\n","stream":"stdout","time":"2017-10-18T07:11:30.887821359Z"}
{"log":"[2017-10-18T07:11:30.884Z] [INFO] [??] [Config] environment set value for runtimes.manifest\n","stream":"stdout","time":"2017-10-18T07:11:30.887828232Z"}
{"log":"[2017-10-18T07:11:30.885Z] [INFO] [??] [Config] environment set value for kafka.host.port\n","stream":"stdout","time":"2017-10-18T07:11:30.887835397Z"}
{"log":"[2017-10-18T07:11:30.885Z] [INFO] [??] [Config] environment set value for limits.actions.invokes.concurrentInSystem\n","stream":"stdout","time":"2017-10-18T07:11:30.88784768Z"}
{"log":"[2017-10-18T07:11:30.885Z] [INFO] [??] [Config] environment set value for controller.blackboxFraction\n","stream":"stdout","time":"2017-10-18T07:11:30.887852321Z"}
{"log":"[2017-10-18T07:11:30.886Z] [INFO] [??] [Config] environment set value for db.host\n","stream":"stdout","time":"2017-10-18T07:11:30.887856231Z"}
{"log":"[2017-10-18T07:11:30.886Z] [INFO] [??] [Config] environment set value for port\n","stream":"stdout","time":"2017-10-18T07:11:30.887863409Z"}
{"log":"[2017-10-18T07:11:30.886Z] [INFO] [??] [Config] environment set value for db.provider\n","stream":"stdout","time":"2017-10-18T07:11:30.887867451Z"}
{"log":"[2017-10-18T07:11:30.886Z] [INFO] [??] [Config] environment set value for db.password\n","stream":"stdout","time":"2017-10-18T07:11:30.887871186Z"}
{"log":"[2017-10-18T07:11:30.887Z] [INFO] [??] [Config] environment set value for kafka.host\n","stream":"stdout","time":"2017-10-18T07:11:30.887875007Z"}
{"log":"[2017-10-18T07:11:31.143Z] [INFO] [#sid_130] [Controller] starting controller instance 1 [marker:controller_startup1_count:263]\n","stream":"stdout","time":"2017-10-18T07:11:31.146500526Z"}
{"log":"[2017-10-18T07:11:33.960Z] [INFO] [#sid_120] [LoadBalancerService] blackboxFraction = 0.1\n","stream":"stdout","time":"2017-10-18T07:11:33.961389123Z"}
{"log":"[2017-10-18T07:11:34.059Z] [INFO] [#sid_110] [MessageFeed] handler capacity = 128, pipeline fill at = 128, pipeline depth = 256\n","stream":"stdout","time":"2017-10-18T07:11:34.061219071Z"}
{"log":"[2017-10-18T07:11:34.208Z] [INFO] [#sid_120] [WhiskAction] [GET] serving from datastore: CacheKey(whisk.system/invokerHealthTestAction1) [marker:database_cacheMiss_count:3304]\n","stream":"stdout","time":"2017-10-18T07:11:34.209363057Z"}
{"log":"[2017-10-18T07:11:34.209Z] [INFO] [#sid_120] [CouchDbRestStore] [GET] 'test_whisks' finding document: 'id: whisk.system/invokerHealthTestAction1' [marker:database_getDocument_start:3305]\n","stream":"stdout","time":"2017-10-18T07:11:34.209419171Z"}
{"log":"[2017-10-18T07:11:34.933Z] [INFO] [#sid_120] [CouchDbRestStore] [GET] 'test_whisks', document: 'id: whisk.system/invokerHealthTestAction1'; not found. [marker:database_getDocument_finish:4059:753]\n","stream":"stdout","time":"2017-10-18T07:11:34.935160447Z"}
{"log":"[2017-10-18T07:11:34.997Z] [INFO] [#sid_120] [WhiskAction] invalidating CacheKey(whisk.system/invokerHealthTestAction1)\n","stream":"stdout","time":"2017-10-18T07:11:34.998642964Z"}
{"log":"[2017-10-18T07:11:34.998Z] [INFO] [#sid_120] [WhiskAction] write initiated on new cache entry\n","stream":"stdout","time":"2017-10-18T07:11:34.998686972Z"}
{"log":"[2017-10-18T07:11:35.049Z] [INFO] [#sid_120] [CouchDbRestStore] [PUT] 'test_whisks' saving document: 'id: whisk.system/invokerHealthTestAction1, rev: null' [marker:database_saveDocument_start:4153]\n","stream":"stdout","time":"2017-10-18T07:11:35.050193267Z"}
{"log":"[2017-10-18T07:11:35.278Z] [INFO] [#sid_120] [LoadBalancerService] test action for invoker health now exists\n","stream":"stdout","time":"2017-10-18T07:11:35.278728949Z"}
{"log":"[2017-10-18T07:11:35.404Z] [INFO] [#sid_110] [MessageFeed] handler capacity = 128, pipeline fill at = 128, pipeline depth = 256\n","stream":"stdout","time":"2017-10-18T07:11:35.404738347Z"}
{"log":"[2017-10-18T07:11:35.404Z] [INFO] [#sid_110] [MessageFeed] handler capacity = 128, pipeline fill at = 128, pipeline depth = 256\n","stream":"stdout","time":"2017-10-18T07:11:35.404780902Z"}
{"log":"[2017-10-18T07:11:35.425Z] [INFO] [#sid_130] [RateThrottler] actions per minute: defaultMaxPerMinute = 100\n","stream":"stdout","time":"2017-10-18T07:11:35.426447401Z"}
{"log":"[2017-10-18T07:11:35.426Z] [INFO] [#sid_130] [RateThrottler] triggers per minute: defaultMaxPerMinute = 100\n","stream":"stdout","time":"2017-10-18T07:11:35.426495837Z"}
{"log":"[2017-10-18T07:11:35.456Z] [INFO] [#sid_130] [ActivationThrottler] concurrencyLimit = 100, systemOverloadLimit = 100\n","stream":"stdout","time":"2017-10-18T07:11:35.457552294Z"}
{"log":"[2017-10-18T07:11:35.489Z] [INFO] [#sid_120] [CouchDbRestStore] [PUT] 'test_whisks' completed document: 'id: whisk.system/invokerHealthTestAction1, rev: null', response: '{\"ok\":true,\"id\":\"whisk.system/invokerHealthTestAction1\",\"rev\":\"1-c3c0e1643b52f9778889f59b9150014f\"}' [marker:database_saveDocument_finish:4613:459]\n","stream":"stdout","time":"2017-10-18T07:11:35.493985252Z"}
{"log":"[2017-10-18T07:11:35.496Z] [INFO] [#sid_120] [WhiskAction] write all done, caching CacheKey(whisk.system/invokerHealthTestAction1) Cached\n","stream":"stdout","time":"2017-10-18T07:11:35.497927652Z"}
{"log":"[2017-10-18T07:11:35.617Z] [INFO] [#sid_130] [ActionsApi] actionSequenceLimit '1000'\n","stream":"stdout","time":"2017-10-18T07:11:35.619556412Z"}
{"log":"[2017-10-18T07:11:35.804Z] [INFO] [#sid_121] [InvokerPool] registered a new invoker: invoker0\n","stream":"stdout","time":"2017-10-18T07:11:35.804886976Z"}
{"log":"[2017-10-18T07:11:35.858Z] [INFO] [#sid_121] [InvokerPool] registered a new invoker: invoker1\n","stream":"stdout","time":"2017-10-18T07:11:35.859459301Z"}
{"log":"[2017-10-18T07:11:35.860Z] [INFO] [#sid_121] [InvokerPool] registered a new invoker: invoker2\n","stream":"stdout","time":"2017-10-18T07:11:35.861031094Z"}
{"log":"[2017-10-18T07:11:35.883Z] [WARN] [#sid_121] [InvokerActor] invoker0 is unhealthy [marker:loadbalancer_invokerUnhealthy_count:4991]\n","stream":"stdout","time":"2017-10-18T07:11:35.883866265Z"}
{"log":"[2017-10-18T07:11:35.883Z] [WARN] [#sid_121] [InvokerActor] invoker2 is unhealthy [marker:loadbalancer_invokerUnhealthy_count:4993]\n","stream":"stdout","time":"2017-10-18T07:11:35.884434142Z"}
{"log":"[2017-10-18T07:11:35.884Z] [WARN] [#sid_121] [InvokerActor] invoker1 is unhealthy [marker:loadbalancer_invokerUnhealthy_count:4995]\n","stream":"stdout","time":"2017-10-18T07:11:35.884445596Z"}
{"log":"[2017-10-18T07:11:35.958Z] [INFO] [#sid_121] [LoadBalancerService] posting topic 'invoker0' with activation id 'd97e5a3a7d2c4ff8be5a3a7d2cdff872' [marker:controller_kafka_start:5081]\n","stream":"stdout","time":"2017-10-18T07:11:35.961189989Z"}
{"log":"[2017-10-18T07:11:36.025Z] [INFO] [#sid_121] [InvokerPool] invoker status changed to 0 -\u003e UnHealthy, 1 -\u003e Offline, 2 -\u003e Offline\n","stream":"stdout","time":"2017-10-18T07:11:36.026732781Z"}
{"log":"[2017-10-18T07:11:36.026Z] [INFO] [#sid_121] [LoadBalancerService] posting topic 'invoker1' with activation id 'c19fc22f764b4f5a9fc22f764b4f5a1b' [marker:controller_kafka_start:5148]\n","stream":"stdout","time":"2017-10-18T07:11:36.026777691Z"}
{"log":"[2017-10-18T07:11:36.078Z] [INFO] [#sid_121] [InvokerPool] invoker status changed to 0 -\u003e UnHealthy, 1 -\u003e UnHealthy, 2 -\u003e Offline\n","stream":"stdout","time":"2017-10-18T07:11:36.085439036Z"}
{"log":"[2017-10-18T07:11:36.079Z] [INFO] [#sid_121] [LoadBalancerService] posting topic 'invoker2' with activation id 'aa54af073cbb4ed194af073cbb6ed196' [marker:controller_kafka_start:5202]\n","stream":"stdout","time":"2017-10-18T07:11:36.08548293Z"}
{"log":"[2017-10-18T07:11:36.109Z] [INFO] [#sid_121] [LoadBalancerService] posted to invoker0[0][8] [marker:controller_kafka_finish:5235:153]\n","stream":"stdout","time":"2017-10-18T07:11:36.111854639Z"}
{"log":"[2017-10-18T07:11:36.131Z] [INFO] [#sid_121] [LoadBalancerService] posted to invoker1[0][8] [marker:controller_kafka_finish:5257:109]\n","stream":"stdout","time":"2017-10-18T07:11:36.133449262Z"}
{"log":"[2017-10-18T07:11:36.139Z] [INFO] [#sid_121] [InvokerPool] invoker status changed to 0 -\u003e UnHealthy, 1 -\u003e UnHealthy, 2 -\u003e UnHealthy\n","stream":"stdout","time":"2017-10-18T07:11:36.17025887Z"}
{"log":"[2017-10-18T07:11:36.190Z] [INFO] [#sid_121] [LoadBalancerService] posted to invoker2[0][8] [marker:controller_kafka_finish:5316:113]\n","stream":"stdout","time":"2017-10-18T07:11:36.192931882Z"}
{"log":"[2017-10-18T07:11:38.868Z] [INFO] [#sid_110] [MessageFeed] processing completed1[0][0] (3/128)\n","stream":"stdout","time":"2017-10-18T07:11:38.876853595Z"}
{"log":"[2017-10-18T07:11:38.875Z] [INFO] [#sid_110] [MessageFeed] processing completed1[0][1] (2/127)\n","stream":"stdout","time":"2017-10-18T07:11:38.876891399Z"}
{"log":"[2017-10-18T07:11:38.876Z] [INFO] [#sid_110] [MessageFeed] processing completed1[0][2] (1/126)\n","stream":"stdout","time":"2017-10-18T07:11:38.87689689Z"}
{"log":"[2017-10-18T07:11:38.967Z] [INFO] [#sid_121] [LoadBalancerService] posting topic 'invoker0' with activation id '686b141cb6964f56ab141cb6960f5685' [marker:controller_kafka_start:8091]\n","stream":"stdout","time":"2017-10-18T07:11:38.978926594Z"}
{"log":"[2017-10-18T07:11:38.976Z] [INFO] [#sid_121] [LoadBalancerService] posting topic 'invoker1' with activation id '8d7242336d6144b6b242336d61a4b6dd' [marker:controller_kafka_start:8092]\n","stream":"stdout","time":"2017-10-18T07:11:38.978959301Z"}
{"log":"[2017-10-18T07:11:38.985Z] [INFO] [#sid_121] [LoadBalancerService] posted to invoker0[0][9] [marker:controller_kafka_finish:8102:11]\n","stream":"stdout","time":"2017-10-18T07:11:38.988940852Z"}
{"log":"[2017-10-18T07:11:38.985Z] [INFO] [#sid_121] [LoadBalancerService] posted to invoker1[0][9] [marker:controller_kafka_finish:8110:18]\n","stream":"stdout","time":"2017-10-18T07:11:38.989029872Z"}
{"log":"[2017-10-18T07:11:38.987Z] [INFO] [#sid_121] [LoadBalancerService] posting topic 'invoker2' with activation id 'b301c0742ae54b4781c0742ae55b4723' [marker:controller_kafka_start:8112]\n","stream":"stdout","time":"2017-10-18T07:11:38.98903837Z"}
{"log":"[2017-10-18T07:11:39.009Z] [INFO] [#sid_121] [LoadBalancerService] posted to invoker2[0][9] [marker:controller_kafka_finish:8134:22]\n","stream":"stdout","time":"2017-10-18T07:11:39.013564346Z"}
{"log":"[2017-10-18T07:11:39.066Z] [INFO] [#sid_110] [MessageFeed] processing completed1[0][3] (1/128)\n","stream":"stdout","time":"2017-10-18T07:11:39.067552392Z"}
{"log":"[2017-10-18T07:11:39.071Z] [INFO] [#sid_121] [LoadBalancerService] posting topic 'invoker0' with activation id 'baacc15f46384796acc15f46382796bc' [marker:controller_kafka_start:8194]\n","stream":"stdout","time":"2017-10-18T07:11:39.073412473Z"}
{"log":"[2017-10-18T07:11:39.100Z] [INFO] [#sid_121] [LoadBalancerService] posted to invoker0[0][10] [marker:controller_kafka_finish:8225:31]\n","stream":"stdout","time":"2017-10-18T07:11:39.108726226Z"}
{"log":"[2017-10-18T07:11:39.211Z] [INFO] [#sid_110] [MessageFeed] processing completed1[0][4] (2/128)\n","stream":"stdout","time":"2017-10-18T07:11:39.228728461Z"}
{"log":"[2017-10-18T07:11:39.214Z] [INFO] [#sid_110] [MessageFeed] processing completed1[0][5] (1/127)\n","stream":"stdout","time":"2017-10-18T07:11:39.228760295Z"}
{"log":"[2017-10-18T07:11:39.219Z] [INFO] [#sid_121] [LoadBalancerService] posting topic 'invoker2' with activation id 'f779035f97a74378b9035f97a77378fd' [marker:controller_kafka_start:8342]\n","stream":"stdout","time":"2017-10-18T07:11:39.228765751Z"}
{"log":"[2017-10-18T07:11:39.222Z] [INFO] [#sid_121] [LoadBalancerService] posting topic 'invoker0' with activation id 'bcf4fc16eea84576b4fc16eea8957616' [marker:controller_kafka_start:8348]\n","stream":"stdout","time":"2017-10-18T07:11:39.228779718Z"}
{"log":"[2017-10-18T07:11:39.235Z] [INFO] [#sid_110] [MessageFeed] processing completed1[0][6] (1/128)\n","stream":"stdout","time":"2017-10-18T07:11:39.241622609Z"}
{"log":"[2017-10-18T07:11:39.250Z] [INFO] [#sid_121] [LoadBalancerService] posted to invoker0[0][11] [marker:controller_kafka_finish:8376:28]\n","stream":"stdout","time":"2017-10-18T07:11:39.254417081Z"}
{"log":"[2017-10-18T07:11:39.251Z] [INFO] [#sid_121] [LoadBalancerService] posted to invoker2[0][10] [marker:controller_kafka_finish:8377:35]\n","stream":"stdout","time":"2017-10-18T07:11:39.254444773Z"}
{"log":"[2017-10-18T07:11:39.251Z] [INFO] [#sid_121] [LoadBalancerService] posting topic 'invoker1' with activation id 'a0ee0fc00844498dae0fc00844798d34' [marker:controller_kafka_start:8377]\n","stream":"stdout","time":"2017-10-18T07:11:39.254450262Z"}
{"log":"[2017-10-18T07:11:39.268Z] [INFO] [#sid_121] [LoadBalancerService] posted to invoker1[0][10] [marker:controller_kafka_finish:8393:16]\n","stream":"stdout","time":"2017-10-18T07:11:39.272387745Z"}
{"log":"[2017-10-18T07:11:39.386Z] [INFO] [#sid_110] [MessageFeed] processing completed1[0][7] (1/128)\n","stream":"stdout","time":"2017-10-18T07:11:39.393739101Z"}
{"log":"[2017-10-18T07:11:39.388Z] [INFO] [#sid_121] [LoadBalancerService] posting topic 'invoker0' with activation id '65f961e6464643b8b961e64646f3b8fa' [marker:controller_kafka_start:8514]\n","stream":"stdout","time":"2017-10-18T07:11:39.393780729Z"}
{"log":"[2017-10-18T07:11:39.397Z] [INFO] [#sid_121] [LoadBalancerService] posted to invoker0[0][12] [marker:controller_kafka_finish:8522:8]\n","stream":"stdout","time":"2017-10-18T07:11:39.406667127Z"}
{"log":"[2017-10-18T07:11:39.520Z] [INFO] [#sid_110] [MessageFeed] processing completed1[0][8] (1/128)\n","stream":"stdout","time":"2017-10-18T07:11:39.531559675Z"}
{"log":"[2017-10-18T07:11:39.523Z] [INFO] [#sid_121] [LoadBalancerService] posting topic 'invoker0' with activation id 'b8b60b1dcafc45a3b60b1dcafc05a3df' [marker:controller_kafka_start:8648]\n","stream":"stdout","time":"2017-10-18T07:11:39.53159259Z"}
{"log":"[2017-10-18T07:11:39.542Z] [INFO] [#sid_121] [LoadBalancerService] posted to invoker0[0][13] [marker:controller_kafka_finish:8667:19]\n","stream":"stdout","time":"2017-10-18T07:11:39.555645225Z"}
{"log":"[2017-10-18T07:11:39.560Z] [INFO] [#sid_110] [MessageFeed] processing completed1[0][9] (1/128)\n","stream":"stdout","time":"2017-10-18T07:11:39.565720188Z"}
{"log":"[2017-10-18T07:11:39.564Z] [INFO] [#sid_121] [LoadBalancerService] posting topic 'invoker2' with activation id 'fb064c27323e47f6864c27323e77f691' [marker:controller_kafka_start:8689]\n","stream":"stdout","time":"2017-10-18T07:11:39.565758512Z"}
{"log":"[2017-10-18T07:11:39.579Z] [INFO] [#sid_121] [LoadBalancerService] posted to invoker2[0][11] [marker:controller_kafka_finish:8704:15]\n","stream":"stdout","time":"2017-10-18T07:11:39.584619576Z"}
{"log":"[2017-10-18T07:11:39.581Z] [INFO] [#sid_110] [MessageFeed] processing completed1[0][10] (1/128)\n","stream":"stdout","time":"2017-10-18T07:11:39.584664641Z"}
{"log":"[2017-10-18T07:11:39.583Z] [INFO] [#sid_121] [LoadBalancerService] posting topic 'invoker1' with activation id 'b82c863391ab45f8ac863391abe5f818' [marker:controller_kafka_start:8709]\n","stream":"stdout","time":"2017-10-18T07:11:39.584670052Z"}
{"log":"[2017-10-18T07:11:39.599Z] [INFO] [#sid_121] [LoadBalancerService] posted to invoker1[0][11] [marker:controller_kafka_finish:8725:16]\n","stream":"stdout","time":"2017-10-18T07:11:39.601303122Z"}
{"log":"[2017-10-18T07:11:39.680Z] [INFO] [#sid_110] [MessageFeed] processing completed1[0][11] (1/128)\n","stream":"stdout","time":"2017-10-18T07:11:39.68549367Z"}
{"log":"[2017-10-18T07:11:39.683Z] [INFO] [#sid_121] [LoadBalancerService] posting topic 'invoker0' with activation id '3a9090bfeb4b4c439090bfeb4b0c435e' [marker:controller_kafka_start:8808]\n","stream":"stdout","time":"2017-10-18T07:11:39.685546164Z"}
{"log":"[2017-10-18T07:11:39.709Z] [INFO] [#sid_121] [LoadBalancerService] posted to invoker0[0][14] [marker:controller_kafka_finish:8834:26]\n","stream":"stdout","time":"2017-10-18T07:11:39.717731645Z"}
{"log":"[2017-10-18T07:11:39.933Z] [INFO] [#sid_110] [MessageFeed] processing completed1[0][12] (1/128)\n","stream":"stdout","time":"2017-10-18T07:11:39.958761249Z"}
{"log":"[2017-10-18T07:11:39.947Z] [INFO] [#sid_121] [LoadBalancerService] posting topic 'invoker1' with activation id '47d2083de625481f92083de625481fc1' [marker:controller_kafka_start:9071]\n","stream":"stdout","time":"2017-10-18T07:11:39.958806382Z"}
{"log":"[2017-10-18T07:11:39.955Z] [INFO] [#sid_110] [MessageFeed] processing completed1[0][13] (1/128)\n","stream":"stdout","time":"2017-10-18T07:11:39.958811442Z"}
{"log":"[2017-10-18T07:11:39.957Z] [INFO] [#sid_121] [LoadBalancerService] posting topic 'invoker2' with activation id 'b4b4bcded9eb482eb4bcded9eb982e0e' [marker:controller_kafka_start:9083]\n","stream":"stdout","time":"2017-10-18T07:11:39.95881524Z"}
{"log":"[2017-10-18T07:11:39.966Z] [INFO] [#sid_121] [LoadBalancerService] posted to invoker1[0][12] [marker:controller_kafka_finish:9092:20]\n","stream":"stdout","time":"2017-10-18T07:11:39.973336656Z"}
{"log":"[2017-10-18T07:11:39.967Z] [INFO] [#sid_121] [LoadBalancerService] posted to invoker2[0][12] [marker:controller_kafka_finish:9093:10]\n","stream":"stdout","time":"2017-10-18T07:11:39.97337358Z"}
{"log":"[2017-10-18T07:11:40.299Z] [INFO] [#sid_110] [MessageFeed] processing completed1[0][14] (1/128)\n","stream":"stdout","time":"2017-10-18T07:11:40.305124259Z"}
{"log":"[2017-10-18T07:11:40.303Z] [INFO] [#sid_121] [LoadBalancerService] posting topic 'invoker1' with activation id 'e7fa51e6c2414804ba51e6c241b80494' [marker:controller_kafka_start:9428]\n","stream":"stdout","time":"2017-10-18T07:11:40.305177548Z"}
{"log":"[2017-10-18T07:11:40.342Z] [INFO] [#sid_110] [MessageFeed] processing completed1[0][15] (1/128)\n","stream":"stdout","time":"2017-10-18T07:11:40.345857685Z"}
{"log":"[2017-10-18T07:11:40.347Z] [INFO] [#sid_121] [LoadBalancerService] posted to invoker1[0][13] [marker:controller_kafka_finish:9472:44]\n","stream":"stdout","time":"2017-10-18T07:11:40.347880789Z"}
{"log":"[2017-10-18T07:11:40.350Z] [INFO] [#sid_121] [LoadBalancerService] posting topic 'invoker2' with activation id '5731d68ead934dfbb1d68ead938dfbf7' [marker:controller_kafka_start:9473]\n","stream":"stdout","time":"2017-10-18T07:11:40.354953387Z"}
{"log":"[2017-10-18T07:11:40.381Z] [INFO] [#sid_121] [LoadBalancerService] posted to invoker2[0][13] [marker:controller_kafka_finish:9507:34]\n","stream":"stdout","time":"2017-10-18T07:11:40.383205926Z"}
{"log":"[2017-10-18T07:11:40.504Z] [INFO] [#sid_110] [MessageFeed] processing completed1[0][16] (1/128)\n","stream":"stdout","time":"2017-10-18T07:11:40.509356955Z"}
{"log":"[2017-10-18T07:11:40.506Z] [INFO] [#sid_121] [LoadBalancerService] posting topic 'invoker1' with activation id 'a4e8280003f5400fa8280003f5500f18' [marker:controller_kafka_start:9631]\n","stream":"stdout","time":"2017-10-18T07:11:40.50940071Z"}
{"log":"[2017-10-18T07:11:40.526Z] [INFO] [#sid_121] [LoadBalancerService] posted to invoker1[0][14] [marker:controller_kafka_finish:9652:21]\n","stream":"stdout","time":"2017-10-18T07:11:40.529784853Z"}
{"log":"[2017-10-18T07:11:40.586Z] [INFO] [#sid_110] [MessageFeed] processing completed1[0][17] (1/128)\n","stream":"stdout","time":"2017-10-18T07:11:40.597936036Z"}
{"log":"[2017-10-18T07:11:40.589Z] [INFO] [#sid_121] [LoadBalancerService] posting topic 'invoker2' with activation id '0e9a1aa543ce42919a1aa543ce929197' [marker:controller_kafka_start:9714]\n","stream":"stdout","time":"2017-10-18T07:11:40.597968611Z"}
{"log":"[2017-10-18T07:11:40.612Z] [INFO] [#sid_121] [LoadBalancerService] posted to invoker2[0][14] [marker:controller_kafka_finish:9737:23]\n","stream":"stdout","time":"2017-10-18T07:11:40.614529437Z"}
{"log":"[2017-10-18T07:11:40.881Z] [INFO] [#sid_110] [MessageFeed] processing completed1[0][18] (1/128)\n","stream":"stdout","time":"2017-10-18T07:11:40.885740494Z"}
{"log":"[2017-10-18T07:11:40.884Z] [INFO] [#sid_121] [InvokerActor] invoker1 is healthy\n","stream":"stdout","time":"2017-10-18T07:11:40.885780936Z"}
{"log":"[2017-10-18T07:11:40.885Z] [INFO] [#sid_121] [LoadBalancerService] posting topic 'invoker1' with activation id 'c0be8533775c4219be8533775cd21965' [marker:controller_kafka_start:10009]\n","stream":"stdout","time":"2017-10-18T07:11:40.885786501Z"}
{"log":"[2017-10-18T07:11:40.885Z] [INFO] [#sid_121] [InvokerPool] invoker status changed to 0 -\u003e UnHealthy, 1 -\u003e Healthy, 2 -\u003e UnHealthy\n","stream":"stdout","time":"2017-10-18T07:11:40.885791513Z"}
{"log":"[2017-10-18T07:11:40.901Z] [INFO] [#sid_121] [LoadBalancerService] posted to invoker1[0][15] [marker:controller_kafka_finish:10026:17]\n","stream":"stdout","time":"2017-10-18T07:11:40.905434287Z"}
{"log":"[2017-10-18T07:11:40.979Z] [INFO] [#sid_110] [MessageFeed] processing completed1[0][19] (1/128)\n","stream":"stdout","time":"2017-10-18T07:11:40.983336377Z"}
{"log":"[2017-10-18T07:11:40.986Z] [INFO] [#sid_121] [InvokerActor] invoker2 is healthy\n","stream":"stdout","time":"2017-10-18T07:11:40.990575865Z"}
{"log":"[2017-10-18T07:11:40.986Z] [INFO] [#sid_121] [LoadBalancerService] posting topic 'invoker2' with activation id 'b3fd2b718a09476ebd2b718a09f76ede' [marker:controller_kafka_start:10111]\n","stream":"stdout","time":"2017-10-18T07:11:40.990619409Z"}
{"log":"[2017-10-18T07:11:40.987Z] [INFO] [#sid_121] [InvokerPool] invoker status changed to 0 -\u003e UnHealthy, 1 -\u003e Healthy, 2 -\u003e Healthy\n","stream":"stdout","time":"2017-10-18T07:11:40.990628334Z"}
{"log":"[2017-10-18T07:11:41.017Z] [INFO] [#sid_121] [LoadBalancerService] posted to invoker2[0][15] [marker:controller_kafka_finish:10143:32]\n","stream":"stdout","time":"2017-10-18T07:11:41.020109802Z"}
{"log":"[2017-10-18T07:11:41.118Z] [INFO] [#sid_110] [MessageFeed] processing completed1[0][20] (1/128)\n","stream":"stdout","time":"2017-10-18T07:11:41.125736249Z"}
{"log":"[2017-10-18T07:11:41.219Z] [INFO] [#sid_110] [MessageFeed] processing completed1[0][21] (1/128)\n","stream":"stdout","time":"2017-10-18T07:11:41.221480195Z"}
{"log":"[2017-10-18T07:11:41.224Z] [INFO] [#sid_121] [InvokerActor] invoker0 is healthy\n","stream":"stdout","time":"2017-10-18T07:11:41.228758781Z"}
{"log":"[2017-10-18T07:11:41.224Z] [INFO] [#sid_121] [LoadBalancerService] posting topic 'invoker0' with activation id '161a9fb3018f456a9a9fb3018f456a68' [marker:controller_kafka_start:10349]\n","stream":"stdout","time":"2017-10-18T07:11:41.228779145Z"}
{"log":"[2017-10-18T07:11:41.224Z] [INFO] [#sid_121] [InvokerPool] invoker status changed to 0 -\u003e Healthy, 1 -\u003e Healthy, 2 -\u003e Healthy\n","stream":"stdout","time":"2017-10-18T07:11:41.228784485Z"}
{"log":"[2017-10-18T07:11:41.250Z] [INFO] [#sid_121] [LoadBalancerService] posted to invoker0[0][15] [marker:controller_kafka_finish:10373:24]\n","stream":"stdout","time":"2017-10-18T07:11:41.250948096Z"}
{"log":"[2017-10-18T07:11:41.317Z] [INFO] [#sid_110] [MessageFeed] processing completed1[0][22] (1/128)\n","stream":"stdout","time":"2017-10-18T07:11:41.317846425Z"}
{"log":"[2017-10-18T07:11:41.401Z] [INFO] [#sid_110] [MessageFeed] processing completed1[0][23] (1/128)\n","stream":"stdout","time":"2017-10-18T07:11:41.401845766Z"}
{"log":"[2017-10-18T07:28:38.373Z] [INFO] [#sid_110] [MessageFeed] processing cacheInvalidation[0][0] (1/128)\n","stream":"stdout","time":"2017-10-18T07:28:38.383691985Z"}
