{"log":"[2017-10-18T07:11:05.719Z] [INFO] Slf4jLogger started\n","stream":"stdout","time":"2017-10-18T07:11:05.728448984Z"}
{"log":"[2017-10-18T07:11:05.846Z] [INFO] [??] [Config] environment set value for db.whisk.actions\n","stream":"stdout","time":"2017-10-18T07:11:05.849443104Z"}
{"log":"[2017-10-18T07:11:05.848Z] [INFO] [??] [Config] environment set value for db.protocol\n","stream":"stdout","time":"2017-10-18T07:11:05.849490585Z"}
{"log":"[2017-10-18T07:11:05.848Z] [INFO] [??] [Config] environment set value for docker.image.prefix\n","stream":"stdout","time":"2017-10-18T07:11:05.849495635Z"}
{"log":"[2017-10-18T07:11:05.848Z] [INFO] [??] [Config] environment set value for invoker.container.network\n","stream":"stdout","time":"2017-10-18T07:11:05.84950652Z"}
{"log":"[2017-10-18T07:11:05.849Z] [INFO] [??] [Config] environment set value for whisk.api.host.name\n","stream":"stdout","time":"2017-10-18T07:11:05.849510176Z"}
{"log":"[2017-10-18T07:11:05.849Z] [INFO] [??] [Config] environment set value for db.port\n","stream":"stdout","time":"2017-10-18T07:11:05.850429571Z"}
{"log":"[2017-10-18T07:11:05.850Z] [INFO] [??] [Config] environment set value for db.username\n","stream":"stdout","time":"2017-10-18T07:11:05.8504445Z"}
{"log":"[2017-10-18T07:11:05.850Z] [INFO] [??] [Config] environment set value for db.whisk.activations\n","stream":"stdout","time":"2017-10-18T07:11:05.851071339Z"}
{"log":"[2017-10-18T07:11:05.851Z] [INFO] [??] [Config] environment set value for docker.registry\n","stream":"stdout","time":"2017-10-18T07:11:05.852006116Z"}
{"log":"[2017-10-18T07:11:05.851Z] [INFO] [??] [Config] environment set value for invoker.name\n","stream":"stdout","time":"2017-10-18T07:11:05.852016964Z"}
{"log":"[2017-10-18T07:11:05.851Z] [INFO] [??] [Config] environment set value for docker.image.tag\n","stream":"stdout","time":"2017-10-18T07:11:05.853266765Z"}
{"log":"[2017-10-18T07:11:05.852Z] [INFO] [??] [Config] environment set value for invoker.use.runc\n","stream":"stdout","time":"2017-10-18T07:11:05.853282299Z"}
{"log":"[2017-10-18T07:11:05.852Z] [INFO] [??] [Config] environment set value for redis.host\n","stream":"stdout","time":"2017-10-18T07:11:05.853286722Z"}
{"log":"[2017-10-18T07:11:05.852Z] [INFO] [??] [Config] environment set value for runtimes.manifest\n","stream":"stdout","time":"2017-10-18T07:11:05.853290323Z"}
{"log":"[2017-10-18T07:11:05.853Z] [INFO] [??] [Config] environment set value for kafka.host.port\n","stream":"stdout","time":"2017-10-18T07:11:05.855043008Z"}
{"log":"[2017-10-18T07:11:05.854Z] [INFO] [??] [Config] environment set value for redis.host.port\n","stream":"stdout","time":"2017-10-18T07:11:05.855062308Z"}
{"log":"[2017-10-18T07:11:05.854Z] [INFO] [??] [Config] environment set value for db.host\n","stream":"stdout","time":"2017-10-18T07:11:05.855067007Z"}
{"log":"[2017-10-18T07:11:05.854Z] [INFO] [??] [Config] environment set value for port\n","stream":"stdout","time":"2017-10-18T07:11:05.85507081Z"}
{"log":"[2017-10-18T07:11:05.855Z] [INFO] [??] [Config] environment set value for db.provider\n","stream":"stdout","time":"2017-10-18T07:11:05.857241173Z"}
{"log":"[2017-10-18T07:11:05.856Z] [INFO] [??] [Config] environment set value for db.password\n","stream":"stdout","time":"2017-10-18T07:11:05.857255968Z"}
{"log":"[2017-10-18T07:11:05.857Z] [INFO] [??] [Config] environment set value for kafka.host\n","stream":"stdout","time":"2017-10-18T07:11:05.858331566Z"}
{"log":"[2017-10-18T07:11:06.340Z] [INFO] [??] [Invoker] invokerReg: invoker invoker-553621020-0lbqq was assigned invokerId 2\n","stream":"stdout","time":"2017-10-18T07:11:06.341832098Z"}
{"log":"[2017-10-18T07:11:10.699Z] [INFO] [#sid_110] [MessageFeed] handler capacity = 8, pipeline fill at = 8, pipeline depth = 16\n","stream":"stdout","time":"2017-10-18T07:11:10.711807203Z"}
{"log":"[2017-10-18T07:11:10.789Z] [INFO] [#sid_102] [DockerClientWithFileAccess] running /usr/bin/docker ps --quiet --no-trunc --filter name=wsk2_ [marker:invoker_docker.ps_start:4943]\n","stream":"stdout","time":"2017-10-18T07:11:10.791315792Z"}
{"log":"[2017-10-18T07:11:10.969Z] [INFO] [#sid_102] [DockerClientWithFileAccess]  [marker:invoker_docker.ps_finish:5126:181]\n","stream":"stdout","time":"2017-10-18T07:11:10.969911946Z"}
{"log":"[2017-10-18T07:11:11.190Z] [INFO] [??] [ContainerPool] pre-warming 2 nodejs:6 containers\n","stream":"stdout","time":"2017-10-18T07:11:11.197641511Z"}
{"log":"[2017-10-18T07:11:11.858Z] [INFO] [#sid_101] [DockerClientWithFileAccess] running /usr/bin/docker run -d --cpu-shares 2 --memory 256m --memory-swap 256m --network bridge -e __OW_API_HOST=https://nginx.openwhisk:443 --name wsk2_2_prewarm_nodejs6 --cap-drop NET_RAW --cap-drop NET_ADMIN --ulimit nofile=1024:1024 --pids-limit 1024 openwhisk/nodejs6action:latest [marker:invoker_docker.run_start:5947]\n","stream":"stdout","time":"2017-10-18T07:11:11.862904557Z"}
{"log":"[2017-10-18T07:11:11.944Z] [INFO] [#sid_101] [DockerClientWithFileAccess] running /usr/bin/docker run -d --cpu-shares 2 --memory 256m --memory-swap 256m --network bridge -e __OW_API_HOST=https://nginx.openwhisk:443 --name wsk2_1_prewarm_nodejs6 --cap-drop NET_RAW --cap-drop NET_ADMIN --ulimit nofile=1024:1024 --pids-limit 1024 openwhisk/nodejs6action:latest [marker:invoker_docker.run_start:6094]\n","stream":"stdout","time":"2017-10-18T07:11:11.946754696Z"}
{"log":"[2017-10-18T07:11:15.464Z] [INFO] [#sid_101] [DockerClientWithFileAccess]  [marker:invoker_docker.run_finish:9609:3594]\n","stream":"stdout","time":"2017-10-18T07:11:15.465083182Z"}
{"log":"[2017-10-18T07:11:16.158Z] [INFO] [#sid_101] [DockerClientWithFileAccess]  [marker:invoker_docker.run_finish:10311:4217]\n","stream":"stdout","time":"2017-10-18T07:11:16.160191338Z"}
{"log":"[2017-10-18T07:11:18.868Z] [INFO] [#sid_110] [MessageFeed] processing invoker2[0][0] (1/8)\n","stream":"stdout","time":"2017-10-18T07:11:18.868831254Z"}
{"log":"[2017-10-18T07:11:18.977Z] [INFO] [#sid_121] [InvokerReactive]  [marker:invoker_activation_start:8627]\n","stream":"stdout","time":"2017-10-18T07:11:18.978893358Z"}
{"log":"[2017-10-18T07:11:18.991Z] [INFO] [#sid_121] [InvokerReactive] whisk.system/invokerHealthTestAction0 whisk.system 08aeef0d380d4b25aeef0d380dfb25d3\n","stream":"stdout","time":"2017-10-18T07:11:18.997599464Z"}
{"log":"[2017-10-18T07:11:18.992Z] [WARN] [#sid_121] [InvokerReactive] revision was not provided for whisk.system/invokerHealthTestAction0\n","stream":"stdout","time":"2017-10-18T07:11:18.997655901Z"}
{"log":"[2017-10-18T07:11:19.061Z] [INFO] [#sid_121] [CouchDbRestStore] [GET] 'test_whisks' finding document: 'id: whisk.system/invokerHealthTestAction0' [marker:database_getDocument_start:8725]\n","stream":"stdout","time":"2017-10-18T07:11:19.063050499Z"}
{"log":"[2017-10-18T07:11:20.049Z] [INFO] [#sid_121] [CouchDbRestStore] [GET] 'test_whisks' completed: found document 'id: whisk.system/invokerHealthTestAction0' [marker:database_getDocument_finish:9712:987]\n","stream":"stdout","time":"2017-10-18T07:11:20.049943642Z"}
{"log":"[2017-10-18T07:11:20.244Z] [INFO] [#sid_121] [DockerContainer] sending initialization to ContainerId(12f5ba0d4b1be11a543f62d18029c71bd02691dbee549e4bcaea70efc7e54c2b) ContainerAddress(172.17.0.4,8080) [marker:invoker_activationInit_start:9829]\n","stream":"stdout","time":"2017-10-18T07:11:20.244885407Z"}
{"log":"[2017-10-18T07:11:20.244Z] [INFO] [#sid_101] [DockerClientWithFileAccess] running /usr/bin/docker run -d --cpu-shares 2 --memory 256m --memory-swap 256m --network bridge -e __OW_API_HOST=https://nginx.openwhisk:443 --name wsk2_3_prewarm_nodejs6 --cap-drop NET_RAW --cap-drop NET_ADMIN --ulimit nofile=1024:1024 --pids-limit 1024 openwhisk/nodejs6action:latest [marker:invoker_docker.run_start:14342]\n","stream":"stdout","time":"2017-10-18T07:11:20.245031485Z"}
{"log":"[2017-10-18T07:11:21.182Z] [INFO] [#sid_121] [DockerContainer] initialization result: ok [marker:invoker_activationInit_finish:10842:996]\n","stream":"stdout","time":"2017-10-18T07:11:21.183024854Z"}
{"log":"[2017-10-18T07:11:21.200Z] [INFO] [#sid_121] [DockerContainer] sending arguments to /whisk.system/invokerHealthTestAction0 at ContainerId(12f5ba0d4b1be11a543f62d18029c71bd02691dbee549e4bcaea70efc7e54c2b) ContainerAddress(172.17.0.4,8080) [marker:invoker_activationRun_start:10861]\n","stream":"stdout","time":"2017-10-18T07:11:21.200982308Z"}
{"log":"[2017-10-18T07:11:21.284Z] [INFO] [#sid_121] [DockerContainer] running result: ok [marker:invoker_activationRun_finish:10930:67]\n","stream":"stdout","time":"2017-10-18T07:11:21.284639521Z"}
{"log":"[2017-10-18T07:11:21.503Z] [INFO] [#sid_121] [InvokerReactive] recording the activation result to the data store\n","stream":"stdout","time":"2017-10-18T07:11:21.515026716Z"}
{"log":"[2017-10-18T07:11:21.548Z] [INFO] [#sid_121] [InvokerReactive] posted completion of activation 08aeef0d380d4b25aeef0d380dfb25d3\n","stream":"stdout","time":"2017-10-18T07:11:21.553359303Z"}
{"log":"[2017-10-18T07:11:21.566Z] [INFO] [#sid_102] [DockerClientWithFileAccess] running /usr/bin/docker pause 12f5ba0d4b1be11a543f62d18029c71bd02691dbee549e4bcaea70efc7e54c2b [marker:invoker_docker.pause_start:15723]\n","stream":"stdout","time":"2017-10-18T07:11:21.566541009Z"}
{"log":"[2017-10-18T07:11:21.585Z] [INFO] [#sid_100] [CouchDbRestStore] 'test_activations' saving 1 documents [marker:database_saveDocumentBulk_start:15730]\n","stream":"stdout","time":"2017-10-18T07:11:21.585963238Z"}
{"log":"[2017-10-18T07:11:21.664Z] [INFO] [#sid_110] [MessageFeed] processing invoker2[0][1] (1/8)\n","stream":"stdout","time":"2017-10-18T07:11:21.665304521Z"}
{"log":"[2017-10-18T07:11:21.804Z] [INFO] [#sid_121] [InvokerReactive]  [marker:invoker_activation_start:11461]\n","stream":"stdout","time":"2017-10-18T07:11:21.804602305Z"}
{"log":"[2017-10-18T07:11:21.804Z] [INFO] [#sid_121] [InvokerReactive] whisk.system/invokerHealthTestAction0 whisk.system b67c6903e69e472abc6903e69e172ae0\n","stream":"stdout","time":"2017-10-18T07:11:21.804964806Z"}
{"log":"[2017-10-18T07:11:21.805Z] [WARN] [#sid_121] [InvokerReactive] revision was not provided for whisk.system/invokerHealthTestAction0\n","stream":"stdout","time":"2017-10-18T07:11:21.805730677Z"}
{"log":"[2017-10-18T07:11:21.809Z] [INFO] [#sid_121] [CouchDbRestStore] [GET] 'test_whisks' finding document: 'id: whisk.system/invokerHealthTestAction0' [marker:database_getDocument_start:11462]\n","stream":"stdout","time":"2017-10-18T07:11:21.81313299Z"}
{"log":"[2017-10-18T07:11:21.931Z] [INFO] [#sid_100] [CouchDbRestStore] 'test_activations' completed 1 documents [marker:database_saveDocumentBulk_finish:16074:344]\n","stream":"stdout","time":"2017-10-18T07:11:21.932734993Z"}
{"log":"[2017-10-18T07:11:21.932Z] [INFO] [#sid_102] [DockerClientWithFileAccess]  [marker:invoker_docker.pause_finish:16024:301]\n","stream":"stdout","time":"2017-10-18T07:11:21.932765425Z"}
{"log":"[2017-10-18T07:11:21.932Z] [INFO] [#sid_121] [InvokerReactive] recorded activation\n","stream":"stdout","time":"2017-10-18T07:11:21.932770995Z"}
{"log":"[2017-10-18T07:11:22.037Z] [INFO] [#sid_121] [CouchDbRestStore] [GET] 'test_whisks' completed: found document 'id: whisk.system/invokerHealthTestAction0' [marker:database_getDocument_finish:11661:199]\n","stream":"stdout","time":"2017-10-18T07:11:22.03741194Z"}
{"log":"[2017-10-18T07:11:22.038Z] [INFO] [#sid_121] [DockerClientWithFileAccess] running /usr/bin/docker unpause 12f5ba0d4b1be11a543f62d18029c71bd02691dbee549e4bcaea70efc7e54c2b [marker:invoker_docker.unpause_start:11678]\n","stream":"stdout","time":"2017-10-18T07:11:22.03979528Z"}
{"log":"[2017-10-18T07:11:22.256Z] [INFO] [#sid_121] [DockerClientWithFileAccess]  [marker:invoker_docker.unpause_finish:11918:239]\n","stream":"stdout","time":"2017-10-18T07:11:22.258886098Z"}
{"log":"[2017-10-18T07:11:22.256Z] [INFO] [#sid_121] [DockerContainer] sending arguments to /whisk.system/invokerHealthTestAction0 at ContainerId(12f5ba0d4b1be11a543f62d18029c71bd02691dbee549e4bcaea70efc7e54c2b) ContainerAddress(172.17.0.4,8080) [marker:invoker_activationRun_start:11919]\n","stream":"stdout","time":"2017-10-18T07:11:22.25892826Z"}
{"log":"[2017-10-18T07:11:22.270Z] [INFO] [#sid_121] [DockerContainer] running result: ok [marker:invoker_activationRun_finish:11931:12]\n","stream":"stdout","time":"2017-10-18T07:11:22.273318627Z"}
{"log":"[2017-10-18T07:11:22.286Z] [INFO] [#sid_121] [InvokerReactive] recording the activation result to the data store\n","stream":"stdout","time":"2017-10-18T07:11:22.288767667Z"}
{"log":"[2017-10-18T07:11:22.287Z] [INFO] [#sid_100] [CouchDbRestStore] 'test_activations' saving 1 documents [marker:database_saveDocumentBulk_start:16430]\n","stream":"stdout","time":"2017-10-18T07:11:22.288803587Z"}
{"log":"[2017-10-18T07:11:22.322Z] [INFO] [#sid_100] [CouchDbRestStore] 'test_activations' completed 1 documents [marker:database_saveDocumentBulk_finish:16479:49]\n","stream":"stdout","time":"2017-10-18T07:11:22.328862062Z"}
{"log":"[2017-10-18T07:11:22.322Z] [INFO] [#sid_121] [InvokerReactive] recorded activation\n","stream":"stdout","time":"2017-10-18T07:11:22.32894508Z"}
{"log":"[2017-10-18T07:11:22.346Z] [INFO] [#sid_102] [DockerClientWithFileAccess] running /usr/bin/docker pause 12f5ba0d4b1be11a543f62d18029c71bd02691dbee549e4bcaea70efc7e54c2b [marker:invoker_docker.pause_start:16505]\n","stream":"stdout","time":"2017-10-18T07:11:22.348334222Z"}
{"log":"[2017-10-18T07:11:22.348Z] [INFO] [#sid_121] [InvokerReactive] posted completion of activation b67c6903e69e472abc6903e69e172ae0\n","stream":"stdout","time":"2017-10-18T07:11:22.3487289Z"}
{"log":"[2017-10-18T07:11:22.549Z] [INFO] [#sid_102] [DockerClientWithFileAccess]  [marker:invoker_docker.pause_finish:16707:202]\n","stream":"stdout","time":"2017-10-18T07:11:22.553615844Z"}
{"log":"[2017-10-18T07:11:23.212Z] [INFO] [#sid_110] [MessageFeed] processing invoker2[0][2] (1/8)\n","stream":"stdout","time":"2017-10-18T07:11:23.213220542Z"}
{"log":"[2017-10-18T07:11:23.221Z] [INFO] [#sid_121] [InvokerReactive]  [marker:invoker_activation_start:12879]\n","stream":"stdout","time":"2017-10-18T07:11:23.222433638Z"}
{"log":"[2017-10-18T07:11:23.222Z] [INFO] [#sid_121] [InvokerReactive] whisk.system/invokerHealthTestAction0 whisk.system d97effe066734f6dbeffe066731f6dca\n","stream":"stdout","time":"2017-10-18T07:11:23.22248036Z"}
{"log":"[2017-10-18T07:11:23.222Z] [WARN] [#sid_121] [InvokerReactive] revision was not provided for whisk.system/invokerHealthTestAction0\n","stream":"stdout","time":"2017-10-18T07:11:23.222492913Z"}
{"log":"[2017-10-18T07:11:23.230Z] [INFO] [#sid_121] [CouchDbRestStore] [GET] 'test_whisks' finding document: 'id: whisk.system/invokerHealthTestAction0' [marker:database_getDocument_start:12880]\n","stream":"stdout","time":"2017-10-18T07:11:23.231451753Z"}
{"log":"[2017-10-18T07:11:23.315Z] [INFO] [#sid_121] [CouchDbRestStore] [GET] 'test_whisks' completed: found document 'id: whisk.system/invokerHealthTestAction0' [marker:database_getDocument_finish:12968:88]\n","stream":"stdout","time":"2017-10-18T07:11:23.31680193Z"}
{"log":"[2017-10-18T07:11:23.323Z] [INFO] [#sid_121] [DockerClientWithFileAccess] running /usr/bin/docker unpause 12f5ba0d4b1be11a543f62d18029c71bd02691dbee549e4bcaea70efc7e54c2b [marker:invoker_docker.unpause_start:12971]\n","stream":"stdout","time":"2017-10-18T07:11:23.324374663Z"}
{"log":"[2017-10-18T07:11:23.524Z] [INFO] [#sid_121] [DockerClientWithFileAccess]  [marker:invoker_docker.unpause_finish:13186:215]\n","stream":"stdout","time":"2017-10-18T07:11:23.548253148Z"}
{"log":"[2017-10-18T07:11:23.547Z] [INFO] [#sid_121] [DockerContainer] sending arguments to /whisk.system/invokerHealthTestAction0 at ContainerId(12f5ba0d4b1be11a543f62d18029c71bd02691dbee549e4bcaea70efc7e54c2b) ContainerAddress(172.17.0.4,8080) [marker:invoker_activationRun_start:13187]\n","stream":"stdout","time":"2017-10-18T07:11:23.548312615Z"}
{"log":"[2017-10-18T07:11:23.550Z] [INFO] [#sid_101] [DockerClientWithFileAccess]  [marker:invoker_docker.run_finish:17707:3364]\n","stream":"stdout","time":"2017-10-18T07:11:23.551687988Z"}
{"log":"[2017-10-18T07:11:23.578Z] [INFO] [#sid_121] [DockerContainer] running result: ok [marker:invoker_activationRun_finish:13236:48]\n","stream":"stdout","time":"2017-10-18T07:11:23.579120445Z"}
{"log":"[2017-10-18T07:11:23.582Z] [INFO] [#sid_121] [InvokerReactive] recording the activation result to the data store\n","stream":"stdout","time":"2017-10-18T07:11:23.58286733Z"}
{"log":"[2017-10-18T07:11:23.599Z] [INFO] [#sid_121] [InvokerReactive] posted completion of activation d97effe066734f6dbeffe066731f6dca\n","stream":"stdout","time":"2017-10-18T07:11:23.601532174Z"}
{"log":"[2017-10-18T07:11:23.601Z] [INFO] [#sid_100] [CouchDbRestStore] 'test_activations' saving 1 documents [marker:database_saveDocumentBulk_start:17758]\n","stream":"stdout","time":"2017-10-18T07:11:23.601581599Z"}
{"log":"[2017-10-18T07:11:23.629Z] [INFO] [#sid_100] [CouchDbRestStore] 'test_activations' completed 1 documents [marker:database_saveDocumentBulk_finish:17787:29]\n","stream":"stdout","time":"2017-10-18T07:11:23.641603796Z"}
{"log":"[2017-10-18T07:11:23.639Z] [INFO] [#sid_121] [InvokerReactive] recorded activation\n","stream":"stdout","time":"2017-10-18T07:11:23.641654168Z"}
{"log":"[2017-10-18T07:11:23.651Z] [INFO] [#sid_102] [DockerClientWithFileAccess] running /usr/bin/docker pause 12f5ba0d4b1be11a543f62d18029c71bd02691dbee549e4bcaea70efc7e54c2b [marker:invoker_docker.pause_start:17809]\n","stream":"stdout","time":"2017-10-18T07:11:23.656017121Z"}
{"log":"[2017-10-18T07:11:23.781Z] [INFO] [#sid_110] [MessageFeed] processing invoker2[0][3] (1/8)\n","stream":"stdout","time":"2017-10-18T07:11:23.783753851Z"}
{"log":"[2017-10-18T07:11:23.783Z] [INFO] [#sid_121] [InvokerReactive]  [marker:invoker_activation_start:13447]\n","stream":"stdout","time":"2017-10-18T07:11:23.785664884Z"}
{"log":"[2017-10-18T07:11:23.784Z] [INFO] [#sid_121] [InvokerReactive] whisk.system/invokerHealthTestAction0 whisk.system 01c6aa39214e4fab86aa39214eafabc0\n","stream":"stdout","time":"2017-10-18T07:11:23.785680543Z"}
{"log":"[2017-10-18T07:11:23.784Z] [WARN] [#sid_121] [InvokerReactive] revision was not provided for whisk.system/invokerHealthTestAction0\n","stream":"stdout","time":"2017-10-18T07:11:23.785685759Z"}
{"log":"[2017-10-18T07:11:23.784Z] [INFO] [#sid_121] [CouchDbRestStore] [GET] 'test_whisks' finding document: 'id: whisk.system/invokerHealthTestAction0' [marker:database_getDocument_start:13448]\n","stream":"stdout","time":"2017-10-18T07:11:23.785692985Z"}
{"log":"[2017-10-18T07:11:23.826Z] [INFO] [#sid_121] [CouchDbRestStore] [GET] 'test_whisks' completed: found document 'id: whisk.system/invokerHealthTestAction0' [marker:database_getDocument_finish:13490:42]\n","stream":"stdout","time":"2017-10-18T07:11:23.828400667Z"}
{"log":"[2017-10-18T07:11:23.891Z] [INFO] [#sid_102] [DockerClientWithFileAccess]  [marker:invoker_docker.pause_finish:18049:240]\n","stream":"stdout","time":"2017-10-18T07:11:23.893369614Z"}
{"log":"[2017-10-18T07:11:23.891Z] [INFO] [#sid_121] [DockerClientWithFileAccess] running /usr/bin/docker unpause 12f5ba0d4b1be11a543f62d18029c71bd02691dbee549e4bcaea70efc7e54c2b [marker:invoker_docker.unpause_start:13556]\n","stream":"stdout","time":"2017-10-18T07:11:23.893411723Z"}
{"log":"[2017-10-18T07:11:24.108Z] [INFO] [#sid_121] [DockerClientWithFileAccess]  [marker:invoker_docker.unpause_finish:13771:215]\n","stream":"stdout","time":"2017-10-18T07:11:24.112195526Z"}
{"log":"[2017-10-18T07:11:24.111Z] [INFO] [#sid_121] [DockerContainer] sending arguments to /whisk.system/invokerHealthTestAction0 at ContainerId(12f5ba0d4b1be11a543f62d18029c71bd02691dbee549e4bcaea70efc7e54c2b) ContainerAddress(172.17.0.4,8080) [marker:invoker_activationRun_start:13771]\n","stream":"stdout","time":"2017-10-18T07:11:24.11224059Z"}
{"log":"[2017-10-18T07:11:24.115Z] [INFO] [#sid_121] [DockerContainer] running result: ok [marker:invoker_activationRun_finish:13777:6]\n","stream":"stdout","time":"2017-10-18T07:11:24.116563076Z"}
{"log":"[2017-10-18T07:11:24.116Z] [INFO] [#sid_121] [DockerContainer] log cursor advanced but missing sentinel, trying 20 more times\n","stream":"stdout","time":"2017-10-18T07:11:24.118913416Z"}
{"log":"[2017-10-18T07:11:24.161Z] [INFO] [#sid_121] [InvokerReactive] posted completion of activation 01c6aa39214e4fab86aa39214eafabc0\n","stream":"stdout","time":"2017-10-18T07:11:24.168832453Z"}
{"log":"[2017-10-18T07:11:24.298Z] [INFO] [#sid_121] [InvokerReactive] recording the activation result to the data store\n","stream":"stdout","time":"2017-10-18T07:11:24.299620118Z"}
{"log":"[2017-10-18T07:11:24.300Z] [INFO] [#sid_100] [CouchDbRestStore] 'test_activations' saving 1 documents [marker:database_saveDocumentBulk_start:18458]\n","stream":"stdout","time":"2017-10-18T07:11:24.301405963Z"}
{"log":"[2017-10-18T07:11:24.334Z] [INFO] [#sid_100] [CouchDbRestStore] 'test_activations' completed 1 documents [marker:database_saveDocumentBulk_finish:18493:35]\n","stream":"stdout","time":"2017-10-18T07:11:24.337426655Z"}
{"log":"[2017-10-18T07:11:24.334Z] [INFO] [#sid_121] [InvokerReactive] recorded activation\n","stream":"stdout","time":"2017-10-18T07:11:24.337468908Z"}
{"log":"[2017-10-18T07:11:24.387Z] [INFO] [#sid_102] [DockerClientWithFileAccess] running /usr/bin/docker pause 12f5ba0d4b1be11a543f62d18029c71bd02691dbee549e4bcaea70efc7e54c2b [marker:invoker_docker.pause_start:18545]\n","stream":"stdout","time":"2017-10-18T07:11:24.39174393Z"}
{"log":"[2017-10-18T07:11:24.424Z] [INFO] [#sid_110] [MessageFeed] processing invoker2[0][4] (1/8)\n","stream":"stdout","time":"2017-10-18T07:11:24.424855594Z"}
{"log":"[2017-10-18T07:11:24.425Z] [INFO] [#sid_121] [InvokerReactive]  [marker:invoker_activation_start:14089]\n","stream":"stdout","time":"2017-10-18T07:11:24.426166903Z"}
{"log":"[2017-10-18T07:11:24.426Z] [INFO] [#sid_121] [InvokerReactive] whisk.system/invokerHealthTestAction0 whisk.system f310850b05e64e2790850b05e6ee27a6\n","stream":"stdout","time":"2017-10-18T07:11:24.42750096Z"}
{"log":"[2017-10-18T07:11:24.426Z] [WARN] [#sid_121] [InvokerReactive] revision was not provided for whisk.system/invokerHealthTestAction0\n","stream":"stdout","time":"2017-10-18T07:11:24.42751573Z"}
{"log":"[2017-10-18T07:11:24.426Z] [INFO] [#sid_121] [CouchDbRestStore] [GET] 'test_whisks' finding document: 'id: whisk.system/invokerHealthTestAction0' [marker:database_getDocument_start:14090]\n","stream":"stdout","time":"2017-10-18T07:11:24.427521588Z"}
{"log":"[2017-10-18T07:11:24.464Z] [INFO] [#sid_121] [CouchDbRestStore] [GET] 'test_whisks' completed: found document 'id: whisk.system/invokerHealthTestAction0' [marker:database_getDocument_finish:14128:38]\n","stream":"stdout","time":"2017-10-18T07:11:24.466063573Z"}
{"log":"[2017-10-18T07:11:24.675Z] [INFO] [#sid_102] [DockerClientWithFileAccess]  [marker:invoker_docker.pause_finish:18833:288]\n","stream":"stdout","time":"2017-10-18T07:11:24.676820293Z"}
{"log":"[2017-10-18T07:11:24.675Z] [INFO] [#sid_121] [DockerClientWithFileAccess] running /usr/bin/docker unpause 12f5ba0d4b1be11a543f62d18029c71bd02691dbee549e4bcaea70efc7e54c2b [marker:invoker_docker.unpause_start:14339]\n","stream":"stdout","time":"2017-10-18T07:11:24.67686991Z"}
{"log":"[2017-10-18T07:11:24.774Z] [INFO] [#sid_121] [DockerClientWithFileAccess]  [marker:invoker_docker.unpause_finish:14437:98]\n","stream":"stdout","time":"2017-10-18T07:11:24.776227241Z"}
{"log":"[2017-10-18T07:11:24.819Z] [INFO] [#sid_121] [DockerContainer] sending arguments to /whisk.system/invokerHealthTestAction0 at ContainerId(12f5ba0d4b1be11a543f62d18029c71bd02691dbee549e4bcaea70efc7e54c2b) ContainerAddress(172.17.0.4,8080) [marker:invoker_activationRun_start:14481]\n","stream":"stdout","time":"2017-10-18T07:11:24.820897176Z"}
{"log":"[2017-10-18T07:11:24.827Z] [INFO] [#sid_121] [DockerContainer] running result: ok [marker:invoker_activationRun_finish:14491:9]\n","stream":"stdout","time":"2017-10-18T07:11:24.828771544Z"}
{"log":"[2017-10-18T07:11:24.832Z] [INFO] [#sid_121] [InvokerReactive] recording the activation result to the data store\n","stream":"stdout","time":"2017-10-18T07:11:24.834788986Z"}
{"log":"[2017-10-18T07:11:24.832Z] [INFO] [#sid_100] [CouchDbRestStore] 'test_activations' saving 1 documents [marker:database_saveDocumentBulk_start:18987]\n","stream":"stdout","time":"2017-10-18T07:11:24.834820215Z"}
{"log":"[2017-10-18T07:11:24.842Z] [INFO] [#sid_100] [CouchDbRestStore] 'test_activations' completed 1 documents [marker:database_saveDocumentBulk_finish:19001:14]\n","stream":"stdout","time":"2017-10-18T07:11:24.844350813Z"}
{"log":"[2017-10-18T07:11:24.855Z] [INFO] [#sid_121] [InvokerReactive] recorded activation\n","stream":"stdout","time":"2017-10-18T07:11:24.859295231Z"}
{"log":"[2017-10-18T07:11:24.868Z] [INFO] [#sid_121] [InvokerReactive] posted completion of activation f310850b05e64e2790850b05e6ee27a6\n","stream":"stdout","time":"2017-10-18T07:11:24.87546435Z"}
{"log":"[2017-10-18T07:11:24.898Z] [INFO] [#sid_102] [DockerClientWithFileAccess] running /usr/bin/docker pause 12f5ba0d4b1be11a543f62d18029c71bd02691dbee549e4bcaea70efc7e54c2b [marker:invoker_docker.pause_start:19057]\n","stream":"stdout","time":"2017-10-18T07:11:24.906528728Z"}
{"log":"[2017-10-18T07:11:25.007Z] [INFO] [#sid_110] [MessageFeed] processing invoker2[0][5] (1/8)\n","stream":"stdout","time":"2017-10-18T07:11:25.00898074Z"}
{"log":"[2017-10-18T07:11:25.010Z] [INFO] [#sid_102] [DockerClientWithFileAccess]  [marker:invoker_docker.pause_finish:19166:109]\n","stream":"stdout","time":"2017-10-18T07:11:25.017783466Z"}
{"log":"[2017-10-18T07:11:25.011Z] [INFO] [#sid_121] [InvokerReactive]  [marker:invoker_activation_start:14674]\n","stream":"stdout","time":"2017-10-18T07:11:25.017811817Z"}
{"log":"[2017-10-18T07:11:25.011Z] [INFO] [#sid_121] [InvokerReactive] whisk.system/invokerHealthTestAction0 whisk.system 330573bf5b3941118573bf5b39211154\n","stream":"stdout","time":"2017-10-18T07:11:25.017817353Z"}
{"log":"[2017-10-18T07:11:25.011Z] [WARN] [#sid_121] [InvokerReactive] revision was not provided for whisk.system/invokerHealthTestAction0\n","stream":"stdout","time":"2017-10-18T07:11:25.017821999Z"}
{"log":"[2017-10-18T07:11:25.011Z] [INFO] [#sid_121] [CouchDbRestStore] [GET] 'test_whisks' finding document: 'id: whisk.system/invokerHealthTestAction0' [marker:database_getDocument_start:14675]\n","stream":"stdout","time":"2017-10-18T07:11:25.017826395Z"}
{"log":"[2017-10-18T07:11:25.045Z] [INFO] [#sid_121] [CouchDbRestStore] [GET] 'test_whisks' completed: found document 'id: whisk.system/invokerHealthTestAction0' [marker:database_getDocument_finish:14709:34]\n","stream":"stdout","time":"2017-10-18T07:11:25.050144207Z"}
{"log":"[2017-10-18T07:11:25.046Z] [INFO] [#sid_121] [DockerClientWithFileAccess] running /usr/bin/docker unpause 12f5ba0d4b1be11a543f62d18029c71bd02691dbee549e4bcaea70efc7e54c2b [marker:invoker_docker.unpause_start:14711]\n","stream":"stdout","time":"2017-10-18T07:11:25.050175948Z"}
{"log":"[2017-10-18T07:11:25.234Z] [INFO] [#sid_121] [DockerClientWithFileAccess]  [marker:invoker_docker.unpause_finish:14897:186]\n","stream":"stdout","time":"2017-10-18T07:11:25.237684155Z"}
{"log":"[2017-10-18T07:11:25.235Z] [INFO] [#sid_121] [DockerContainer] sending arguments to /whisk.system/invokerHealthTestAction0 at ContainerId(12f5ba0d4b1be11a543f62d18029c71bd02691dbee549e4bcaea70efc7e54c2b) ContainerAddress(172.17.0.4,8080) [marker:invoker_activationRun_start:14898]\n","stream":"stdout","time":"2017-10-18T07:11:25.237699712Z"}
{"log":"[2017-10-18T07:11:25.243Z] [INFO] [#sid_121] [DockerContainer] running result: ok [marker:invoker_activationRun_finish:14906:8]\n","stream":"stdout","time":"2017-10-18T07:11:25.244720393Z"}
{"log":"[2017-10-18T07:11:25.256Z] [INFO] [#sid_121] [InvokerReactive] recording the activation result to the data store\n","stream":"stdout","time":"2017-10-18T07:11:25.258761014Z"}
{"log":"[2017-10-18T07:11:25.256Z] [INFO] [#sid_100] [CouchDbRestStore] 'test_activations' saving 1 documents [marker:database_saveDocumentBulk_start:19410]\n","stream":"stdout","time":"2017-10-18T07:11:25.258811802Z"}
{"log":"[2017-10-18T07:11:25.268Z] [INFO] [#sid_100] [CouchDbRestStore] 'test_activations' completed 1 documents [marker:database_saveDocumentBulk_finish:19426:16]\n","stream":"stdout","time":"2017-10-18T07:11:25.276065415Z"}
{"log":"[2017-10-18T07:11:25.275Z] [INFO] [#sid_121] [InvokerReactive] recorded activation\n","stream":"stdout","time":"2017-10-18T07:11:25.276154636Z"}
{"log":"[2017-10-18T07:11:25.288Z] [INFO] [#sid_121] [InvokerReactive] posted completion of activation 330573bf5b3941118573bf5b39211154\n","stream":"stdout","time":"2017-10-18T07:11:25.289197206Z"}
{"log":"[2017-10-18T07:11:25.324Z] [INFO] [#sid_102] [DockerClientWithFileAccess] running /usr/bin/docker pause 12f5ba0d4b1be11a543f62d18029c71bd02691dbee549e4bcaea70efc7e54c2b [marker:invoker_docker.pause_start:19483]\n","stream":"stdout","time":"2017-10-18T07:11:25.326731243Z"}
{"log":"[2017-10-18T07:11:25.326Z] [INFO] [#sid_110] [MessageFeed] processing invoker2[0][6] (1/8)\n","stream":"stdout","time":"2017-10-18T07:11:25.326772341Z"}
{"log":"[2017-10-18T07:11:25.336Z] [INFO] [#sid_121] [InvokerReactive]  [marker:invoker_activation_start:14992]\n","stream":"stdout","time":"2017-10-18T07:11:25.337376841Z"}
{"log":"[2017-10-18T07:11:25.336Z] [INFO] [#sid_121] [InvokerReactive] whisk.system/invokerHealthTestAction0 whisk.system b6a3dd2af92643f2a3dd2af92643f2d1\n","stream":"stdout","time":"2017-10-18T07:11:25.337424346Z"}
{"log":"[2017-10-18T07:11:25.337Z] [WARN] [#sid_121] [InvokerReactive] revision was not provided for whisk.system/invokerHealthTestAction0\n","stream":"stdout","time":"2017-10-18T07:11:25.337430503Z"}
{"log":"[2017-10-18T07:11:25.347Z] [INFO] [#sid_121] [CouchDbRestStore] [GET] 'test_whisks' finding document: 'id: whisk.system/invokerHealthTestAction0' [marker:database_getDocument_start:14992]\n","stream":"stdout","time":"2017-10-18T07:11:25.348684873Z"}
{"log":"[2017-10-18T07:11:25.353Z] [INFO] [#sid_121] [CouchDbRestStore] [GET] 'test_whisks' completed: found document 'id: whisk.system/invokerHealthTestAction0' [marker:database_getDocument_finish:15017:25]\n","stream":"stdout","time":"2017-10-18T07:11:25.3556011Z"}
{"log":"[2017-10-18T07:11:25.498Z] [INFO] [#sid_102] [DockerClientWithFileAccess]  [marker:invoker_docker.pause_finish:19656:173]\n","stream":"stdout","time":"2017-10-18T07:11:25.504801152Z"}
{"log":"[2017-10-18T07:11:25.503Z] [INFO] [#sid_121] [DockerClientWithFileAccess] running /usr/bin/docker unpause 12f5ba0d4b1be11a543f62d18029c71bd02691dbee549e4bcaea70efc7e54c2b [marker:invoker_docker.unpause_start:15163]\n","stream":"stdout","time":"2017-10-18T07:11:25.504857861Z"}
{"log":"[2017-10-18T07:11:25.675Z] [INFO] [#sid_121] [DockerClientWithFileAccess]  [marker:invoker_docker.unpause_finish:15338:175]\n","stream":"stdout","time":"2017-10-18T07:11:25.680414865Z"}
{"log":"[2017-10-18T07:11:25.675Z] [INFO] [#sid_121] [DockerContainer] sending arguments to /whisk.system/invokerHealthTestAction0 at ContainerId(12f5ba0d4b1be11a543f62d18029c71bd02691dbee549e4bcaea70efc7e54c2b) ContainerAddress(172.17.0.4,8080) [marker:invoker_activationRun_start:15338]\n","stream":"stdout","time":"2017-10-18T07:11:25.680458299Z"}
{"log":"[2017-10-18T07:11:25.689Z] [INFO] [#sid_121] [DockerContainer] running result: ok [marker:invoker_activationRun_finish:15352:14]\n","stream":"stdout","time":"2017-10-18T07:11:25.698785944Z"}
{"log":"[2017-10-18T07:11:25.693Z] [INFO] [#sid_121] [InvokerReactive] recording the activation result to the data store\n","stream":"stdout","time":"2017-10-18T07:11:25.698833331Z"}
{"log":"[2017-10-18T07:11:25.693Z] [INFO] [#sid_100] [CouchDbRestStore] 'test_activations' saving 1 documents [marker:database_saveDocumentBulk_start:19849]\n","stream":"stdout","time":"2017-10-18T07:11:25.698838925Z"}
{"log":"[2017-10-18T07:11:25.722Z] [INFO] [#sid_100] [CouchDbRestStore] 'test_activations' completed 1 documents [marker:database_saveDocumentBulk_finish:19881:32]\n","stream":"stdout","time":"2017-10-18T07:11:25.724772173Z"}
{"log":"[2017-10-18T07:11:25.723Z] [INFO] [#sid_121] [InvokerReactive] recorded activation\n","stream":"stdout","time":"2017-10-18T07:11:25.724820147Z"}
{"log":"[2017-10-18T07:11:25.751Z] [INFO] [#sid_121] [InvokerReactive] posted completion of activation b6a3dd2af92643f2a3dd2af92643f2d1\n","stream":"stdout","time":"2017-10-18T07:11:25.753822496Z"}
{"log":"[2017-10-18T07:11:25.763Z] [INFO] [#sid_102] [DockerClientWithFileAccess] running /usr/bin/docker pause 12f5ba0d4b1be11a543f62d18029c71bd02691dbee549e4bcaea70efc7e54c2b [marker:invoker_docker.pause_start:19922]\n","stream":"stdout","time":"2017-10-18T07:11:25.766816142Z"}
{"log":"[2017-10-18T07:11:25.792Z] [INFO] [#sid_110] [MessageFeed] processing invoker2[0][7] (1/8)\n","stream":"stdout","time":"2017-10-18T07:11:25.792762784Z"}
{"log":"[2017-10-18T07:11:25.797Z] [INFO] [#sid_121] [InvokerReactive]  [marker:invoker_activation_start:15459]\n","stream":"stdout","time":"2017-10-18T07:11:25.799971675Z"}
{"log":"[2017-10-18T07:11:25.797Z] [INFO] [#sid_121] [InvokerReactive] whisk.system/invokerHealthTestAction0 whisk.system 9c7fc5b497f545e2bfc5b497f535e258\n","stream":"stdout","time":"2017-10-18T07:11:25.800001415Z"}
{"log":"[2017-10-18T07:11:25.797Z] [WARN] [#sid_121] [InvokerReactive] revision was not provided for whisk.system/invokerHealthTestAction0\n","stream":"stdout","time":"2017-10-18T07:11:25.800007135Z"}
{"log":"[2017-10-18T07:11:25.797Z] [INFO] [#sid_121] [CouchDbRestStore] [GET] 'test_whisks' finding document: 'id: whisk.system/invokerHealthTestAction0' [marker:database_getDocument_start:15459]\n","stream":"stdout","time":"2017-10-18T07:11:25.800011646Z"}
{"log":"[2017-10-18T07:11:25.812Z] [INFO] [#sid_121] [CouchDbRestStore] [GET] 'test_whisks' completed: found document 'id: whisk.system/invokerHealthTestAction0' [marker:database_getDocument_finish:15477:18]\n","stream":"stdout","time":"2017-10-18T07:11:25.815789141Z"}
{"log":"[2017-10-18T07:11:25.959Z] [INFO] [#sid_102] [DockerClientWithFileAccess]  [marker:invoker_docker.pause_finish:20117:195]\n","stream":"stdout","time":"2017-10-18T07:11:25.965854051Z"}
{"log":"[2017-10-18T07:11:25.959Z] [INFO] [#sid_121] [DockerClientWithFileAccess] running /usr/bin/docker unpause 12f5ba0d4b1be11a543f62d18029c71bd02691dbee549e4bcaea70efc7e54c2b [marker:invoker_docker.unpause_start:15623]\n","stream":"stdout","time":"2017-10-18T07:11:25.965907499Z"}
{"log":"[2017-10-18T07:11:26.106Z] [INFO] [#sid_121] [DockerClientWithFileAccess]  [marker:invoker_docker.unpause_finish:15770:147]\n","stream":"stdout","time":"2017-10-18T07:11:26.110413015Z"}
{"log":"[2017-10-18T07:11:26.107Z] [INFO] [#sid_121] [DockerContainer] sending arguments to /whisk.system/invokerHealthTestAction0 at ContainerId(12f5ba0d4b1be11a543f62d18029c71bd02691dbee549e4bcaea70efc7e54c2b) ContainerAddress(172.17.0.4,8080) [marker:invoker_activationRun_start:15770]\n","stream":"stdout","time":"2017-10-18T07:11:26.110520428Z"}
{"log":"[2017-10-18T07:11:26.134Z] [INFO] [#sid_121] [DockerContainer] running result: ok [marker:invoker_activationRun_finish:15797:25]\n","stream":"stdout","time":"2017-10-18T07:11:26.14019441Z"}
{"log":"[2017-10-18T07:11:26.136Z] [INFO] [#sid_121] [InvokerReactive] recording the activation result to the data store\n","stream":"stdout","time":"2017-10-18T07:11:26.140249166Z"}
{"log":"[2017-10-18T07:11:26.137Z] [INFO] [#sid_100] [CouchDbRestStore] 'test_activations' saving 1 documents [marker:database_saveDocumentBulk_start:20295]\n","stream":"stdout","time":"2017-10-18T07:11:26.140255093Z"}
{"log":"[2017-10-18T07:11:26.168Z] [INFO] [#sid_100] [CouchDbRestStore] 'test_activations' completed 1 documents [marker:database_saveDocumentBulk_finish:20318:23]\n","stream":"stdout","time":"2017-10-18T07:11:26.178382254Z"}
{"log":"[2017-10-18T07:11:26.169Z] [INFO] [#sid_121] [InvokerReactive] recorded activation\n","stream":"stdout","time":"2017-10-18T07:11:26.178464279Z"}
{"log":"[2017-10-18T07:11:26.251Z] [INFO] [#sid_121] [InvokerReactive] posted completion of activation 9c7fc5b497f545e2bfc5b497f535e258\n","stream":"stdout","time":"2017-10-18T07:11:26.258914997Z"}
{"log":"[2017-10-18T07:11:26.251Z] [INFO] [#sid_102] [DockerClientWithFileAccess] running /usr/bin/docker pause 12f5ba0d4b1be11a543f62d18029c71bd02691dbee549e4bcaea70efc7e54c2b [marker:invoker_docker.pause_start:20378]\n","stream":"stdout","time":"2017-10-18T07:11:26.258966202Z"}
{"log":"[2017-10-18T07:11:26.382Z] [INFO] [#sid_102] [DockerClientWithFileAccess]  [marker:invoker_docker.pause_finish:20540:162]\n","stream":"stdout","time":"2017-10-18T07:11:26.389362887Z"}
{"log":"[2017-10-18T07:11:36.245Z] [INFO] [#sid_110] [MessageFeed] processing invoker2[0][8] (1/8)\n","stream":"stdout","time":"2017-10-18T07:11:36.247545667Z"}
{"log":"[2017-10-18T07:11:36.282Z] [INFO] [#sid_121] [InvokerReactive]  [marker:invoker_activation_start:5372]\n","stream":"stdout","time":"2017-10-18T07:11:36.287073932Z"}
{"log":"[2017-10-18T07:11:36.282Z] [INFO] [#sid_121] [InvokerReactive] whisk.system/invokerHealthTestAction1 whisk.system aa54af073cbb4ed194af073cbb6ed196\n","stream":"stdout","time":"2017-10-18T07:11:36.287114667Z"}
{"log":"[2017-10-18T07:11:36.283Z] [WARN] [#sid_121] [InvokerReactive] revision was not provided for whisk.system/invokerHealthTestAction1\n","stream":"stdout","time":"2017-10-18T07:11:36.287120445Z"}
{"log":"[2017-10-18T07:11:36.283Z] [INFO] [#sid_121] [CouchDbRestStore] [GET] 'test_whisks' finding document: 'id: whisk.system/invokerHealthTestAction1' [marker:database_getDocument_start:5373]\n","stream":"stdout","time":"2017-10-18T07:11:36.287124701Z"}
{"log":"[2017-10-18T07:11:36.319Z] [INFO] [#sid_121] [CouchDbRestStore] [GET] 'test_whisks' completed: found document 'id: whisk.system/invokerHealthTestAction1' [marker:database_getDocument_finish:5444:71]\n","stream":"stdout","time":"2017-10-18T07:11:36.321315123Z"}
{"log":"[2017-10-18T07:11:36.329Z] [INFO] [#sid_101] [DockerClientWithFileAccess] running /usr/bin/docker run -d --cpu-shares 2 --memory 256m --memory-swap 256m --network bridge -e __OW_API_HOST=https://nginx.openwhisk:443 --name wsk2_4_prewarm_nodejs6 --cap-drop NET_RAW --cap-drop NET_ADMIN --ulimit nofile=1024:1024 --pids-limit 1024 openwhisk/nodejs6action:latest [marker:invoker_docker.run_start:30488]\n","stream":"stdout","time":"2017-10-18T07:11:36.33202382Z"}
{"log":"[2017-10-18T07:11:36.331Z] [INFO] [#sid_121] [DockerContainer] sending initialization to ContainerId(d9694d87c7787775e9aee559b06d600fe6a527c36bff3b7587f478272e862f77) ContainerAddress(172.17.0.5,8080) [marker:invoker_activationInit_start:5456]\n","stream":"stdout","time":"2017-10-18T07:11:36.332084508Z"}
{"log":"[2017-10-18T07:11:36.540Z] [INFO] [#sid_121] [DockerContainer] initialization result: ok [marker:invoker_activationInit_finish:5656:200]\n","stream":"stdout","time":"2017-10-18T07:11:36.541188525Z"}
{"log":"[2017-10-18T07:11:36.546Z] [INFO] [#sid_121] [DockerContainer] sending arguments to /whisk.system/invokerHealthTestAction1 at ContainerId(d9694d87c7787775e9aee559b06d600fe6a527c36bff3b7587f478272e862f77) ContainerAddress(172.17.0.5,8080) [marker:invoker_activationRun_start:5660]\n","stream":"stdout","time":"2017-10-18T07:11:36.547023992Z"}
{"log":"[2017-10-18T07:11:36.603Z] [INFO] [#sid_121] [DockerContainer] running result: ok [marker:invoker_activationRun_finish:5713:53]\n","stream":"stdout","time":"2017-10-18T07:11:36.608732817Z"}
{"log":"[2017-10-18T07:11:36.641Z] [INFO] [#sid_121] [InvokerReactive] recording the activation result to the data store\n","stream":"stdout","time":"2017-10-18T07:11:36.643470033Z"}
{"log":"[2017-10-18T07:11:36.641Z] [INFO] [#sid_100] [CouchDbRestStore] 'test_activations' saving 1 documents [marker:database_saveDocumentBulk_start:30778]\n","stream":"stdout","time":"2017-10-18T07:11:36.643517512Z"}
{"log":"[2017-10-18T07:11:36.684Z] [INFO] [#sid_102] [DockerClientWithFileAccess] running /usr/bin/docker pause d9694d87c7787775e9aee559b06d600fe6a527c36bff3b7587f478272e862f77 [marker:invoker_docker.pause_start:30842]\n","stream":"stdout","time":"2017-10-18T07:11:36.686370741Z"}
{"log":"[2017-10-18T07:11:36.713Z] [INFO] [#sid_100] [CouchDbRestStore] 'test_activations' completed 1 documents [marker:database_saveDocumentBulk_finish:30870:92]\n","stream":"stdout","time":"2017-10-18T07:11:36.721551309Z"}
{"log":"[2017-10-18T07:11:36.784Z] [INFO] [#sid_121] [InvokerReactive] recorded activation\n","stream":"stdout","time":"2017-10-18T07:11:36.784992232Z"}
{"log":"[2017-10-18T07:11:36.860Z] [INFO] [#sid_121] [InvokerReactive] posted completion of activation aa54af073cbb4ed194af073cbb6ed196\n","stream":"stdout","time":"2017-10-18T07:11:36.861221658Z"}
{"log":"[2017-10-18T07:11:36.881Z] [INFO] [#sid_102] [DockerClientWithFileAccess]  [marker:invoker_docker.pause_finish:31040:198]\n","stream":"stdout","time":"2017-10-18T07:11:36.883523902Z"}
{"log":"[2017-10-18T07:11:38.004Z] [INFO] [#sid_101] [DockerClientWithFileAccess]  [marker:invoker_docker.run_finish:32163:1675]\n","stream":"stdout","time":"2017-10-18T07:11:38.011410878Z"}
{"log":"[2017-10-18T07:11:39.024Z] [INFO] [#sid_110] [MessageFeed] processing invoker2[0][9] (1/8)\n","stream":"stdout","time":"2017-10-18T07:11:39.025548313Z"}
{"log":"[2017-10-18T07:11:39.041Z] [INFO] [#sid_121] [InvokerReactive]  [marker:invoker_activation_start:8162]\n","stream":"stdout","time":"2017-10-18T07:11:39.044651965Z"}
{"log":"[2017-10-18T07:11:39.041Z] [INFO] [#sid_121] [InvokerReactive] whisk.system/invokerHealthTestAction1 whisk.system b301c0742ae54b4781c0742ae55b4723\n","stream":"stdout","time":"2017-10-18T07:11:39.044693585Z"}
{"log":"[2017-10-18T07:11:39.041Z] [WARN] [#sid_121] [InvokerReactive] revision was not provided for whisk.system/invokerHealthTestAction1\n","stream":"stdout","time":"2017-10-18T07:11:39.044699354Z"}
{"log":"[2017-10-18T07:11:39.041Z] [INFO] [#sid_121] [CouchDbRestStore] [GET] 'test_whisks' finding document: 'id: whisk.system/invokerHealthTestAction1' [marker:database_getDocument_start:8162]\n","stream":"stdout","time":"2017-10-18T07:11:39.044703553Z"}
{"log":"[2017-10-18T07:11:39.074Z] [INFO] [#sid_121] [CouchDbRestStore] [GET] 'test_whisks' completed: found document 'id: whisk.system/invokerHealthTestAction1' [marker:database_getDocument_finish:8189:27]\n","stream":"stdout","time":"2017-10-18T07:11:39.085435613Z"}
{"log":"[2017-10-18T07:11:39.075Z] [INFO] [#sid_121] [DockerClientWithFileAccess] running /usr/bin/docker unpause d9694d87c7787775e9aee559b06d600fe6a527c36bff3b7587f478272e862f77 [marker:invoker_docker.unpause_start:8200]\n","stream":"stdout","time":"2017-10-18T07:11:39.085467857Z"}
{"log":"[2017-10-18T07:11:39.159Z] [INFO] [#sid_121] [DockerClientWithFileAccess]  [marker:invoker_docker.unpause_finish:8271:71]\n","stream":"stdout","time":"2017-10-18T07:11:39.163185959Z"}
{"log":"[2017-10-18T07:11:39.160Z] [INFO] [#sid_121] [DockerContainer] sending arguments to /whisk.system/invokerHealthTestAction1 at ContainerId(d9694d87c7787775e9aee559b06d600fe6a527c36bff3b7587f478272e862f77) ContainerAddress(172.17.0.5,8080) [marker:invoker_activationRun_start:8271]\n","stream":"stdout","time":"2017-10-18T07:11:39.163207317Z"}
{"log":"[2017-10-18T07:11:39.173Z] [INFO] [#sid_121] [DockerContainer] running result: ok [marker:invoker_activationRun_finish:8297:25]\n","stream":"stdout","time":"2017-10-18T07:11:39.176772442Z"}
{"log":"[2017-10-18T07:11:39.179Z] [INFO] [#sid_121] [InvokerReactive] recording the activation result to the data store\n","stream":"stdout","time":"2017-10-18T07:11:39.183550799Z"}
{"log":"[2017-10-18T07:11:39.184Z] [INFO] [#sid_100] [CouchDbRestStore] 'test_activations' saving 1 documents [marker:database_saveDocumentBulk_start:33341]\n","stream":"stdout","time":"2017-10-18T07:11:39.189746365Z"}
{"log":"[2017-10-18T07:11:39.188Z] [INFO] [#sid_121] [InvokerReactive] posted completion of activation b301c0742ae54b4781c0742ae55b4723\n","stream":"stdout","time":"2017-10-18T07:11:39.189764458Z"}
{"log":"[2017-10-18T07:11:39.244Z] [INFO] [#sid_102] [DockerClientWithFileAccess] running /usr/bin/docker pause d9694d87c7787775e9aee559b06d600fe6a527c36bff3b7587f478272e862f77 [marker:invoker_docker.pause_start:33402]\n","stream":"stdout","time":"2017-10-18T07:11:39.25455409Z"}
{"log":"[2017-10-18T07:11:39.245Z] [INFO] [#sid_110] [MessageFeed] processing invoker2[0][10] (1/8)\n","stream":"stdout","time":"2017-10-18T07:11:39.254571759Z"}
{"log":"[2017-10-18T07:11:39.246Z] [INFO] [#sid_121] [InvokerReactive]  [marker:invoker_activation_start:8371]\n","stream":"stdout","time":"2017-10-18T07:11:39.254576686Z"}
{"log":"[2017-10-18T07:11:39.246Z] [INFO] [#sid_121] [InvokerReactive] whisk.system/invokerHealthTestAction1 whisk.system f779035f97a74378b9035f97a77378fd\n","stream":"stdout","time":"2017-10-18T07:11:39.254581221Z"}
{"log":"[2017-10-18T07:11:39.246Z] [WARN] [#sid_121] [InvokerReactive] revision was not provided for whisk.system/invokerHealthTestAction1\n","stream":"stdout","time":"2017-10-18T07:11:39.254585174Z"}
{"log":"[2017-10-18T07:11:39.246Z] [INFO] [#sid_121] [CouchDbRestStore] [GET] 'test_whisks' finding document: 'id: whisk.system/invokerHealthTestAction1' [marker:database_getDocument_start:8372]\n","stream":"stdout","time":"2017-10-18T07:11:39.254604401Z"}
{"log":"[2017-10-18T07:11:39.259Z] [INFO] [#sid_100] [CouchDbRestStore] 'test_activations' completed 1 documents [marker:database_saveDocumentBulk_finish:33416:75]\n","stream":"stdout","time":"2017-10-18T07:11:39.261262166Z"}
{"log":"[2017-10-18T07:11:39.259Z] [INFO] [#sid_121] [InvokerReactive] recorded activation\n","stream":"stdout","time":"2017-10-18T07:11:39.261312648Z"}
{"log":"[2017-10-18T07:11:39.315Z] [INFO] [#sid_121] [CouchDbRestStore] [GET] 'test_whisks' completed: found document 'id: whisk.system/invokerHealthTestAction1' [marker:database_getDocument_finish:8428:56]\n","stream":"stdout","time":"2017-10-18T07:11:39.317667043Z"}
{"log":"[2017-10-18T07:11:39.414Z] [INFO] [#sid_102] [DockerClientWithFileAccess]  [marker:invoker_docker.pause_finish:33572:170]\n","stream":"stdout","time":"2017-10-18T07:11:39.415942675Z"}
{"log":"[2017-10-18T07:11:39.414Z] [INFO] [#sid_121] [DockerClientWithFileAccess] running /usr/bin/docker unpause d9694d87c7787775e9aee559b06d600fe6a527c36bff3b7587f478272e862f77 [marker:invoker_docker.unpause_start:8540]\n","stream":"stdout","time":"2017-10-18T07:11:39.41597863Z"}
{"log":"[2017-10-18T07:11:39.483Z] [INFO] [#sid_121] [DockerClientWithFileAccess]  [marker:invoker_docker.unpause_finish:8601:61]\n","stream":"stdout","time":"2017-10-18T07:11:39.490103572Z"}
{"log":"[2017-10-18T07:11:39.483Z] [INFO] [#sid_121] [DockerContainer] sending arguments to /whisk.system/invokerHealthTestAction1 at ContainerId(d9694d87c7787775e9aee559b06d600fe6a527c36bff3b7587f478272e862f77) ContainerAddress(172.17.0.5,8080) [marker:invoker_activationRun_start:8602]\n","stream":"stdout","time":"2017-10-18T07:11:39.490147354Z"}
{"log":"[2017-10-18T07:11:39.526Z] [INFO] [#sid_121] [DockerContainer] running result: ok [marker:invoker_activationRun_finish:8632:29]\n","stream":"stdout","time":"2017-10-18T07:11:39.531833678Z"}
{"log":"[2017-10-18T07:11:39.533Z] [INFO] [#sid_121] [InvokerReactive] recording the activation result to the data store\n","stream":"stdout","time":"2017-10-18T07:11:39.536777638Z"}
{"log":"[2017-10-18T07:11:39.534Z] [INFO] [#sid_100] [CouchDbRestStore] 'test_activations' saving 1 documents [marker:database_saveDocumentBulk_start:33687]\n","stream":"stdout","time":"2017-10-18T07:11:39.536817339Z"}
{"log":"[2017-10-18T07:11:39.534Z] [INFO] [#sid_121] [InvokerReactive] posted completion of activation f779035f97a74378b9035f97a77378fd\n","stream":"stdout","time":"2017-10-18T07:11:39.536822234Z"}
{"log":"[2017-10-18T07:11:39.571Z] [INFO] [#sid_100] [CouchDbRestStore] 'test_activations' completed 1 documents [marker:database_saveDocumentBulk_finish:33730:43]\n","stream":"stdout","time":"2017-10-18T07:11:39.577559782Z"}
{"log":"[2017-10-18T07:11:39.571Z] [INFO] [#sid_121] [InvokerReactive] recorded activation\n","stream":"stdout","time":"2017-10-18T07:11:39.577599429Z"}
{"log":"[2017-10-18T07:11:39.594Z] [INFO] [#sid_102] [DockerClientWithFileAccess] running /usr/bin/docker pause d9694d87c7787775e9aee559b06d600fe6a527c36bff3b7587f478272e862f77 [marker:invoker_docker.pause_start:33751]\n","stream":"stdout","time":"2017-10-18T07:11:39.595818135Z"}
{"log":"[2017-10-18T07:11:39.602Z] [INFO] [#sid_110] [MessageFeed] processing invoker2[0][11] (1/8)\n","stream":"stdout","time":"2017-10-18T07:11:39.603043026Z"}
{"log":"[2017-10-18T07:11:39.604Z] [INFO] [#sid_121] [InvokerReactive]  [marker:invoker_activation_start:8729]\n","stream":"stdout","time":"2017-10-18T07:11:39.606934607Z"}
{"log":"[2017-10-18T07:11:39.604Z] [INFO] [#sid_121] [InvokerReactive] whisk.system/invokerHealthTestAction1 whisk.system fb064c27323e47f6864c27323e77f691\n","stream":"stdout","time":"2017-10-18T07:11:39.606952867Z"}
{"log":"[2017-10-18T07:11:39.604Z] [WARN] [#sid_121] [InvokerReactive] revision was not provided for whisk.system/invokerHealthTestAction1\n","stream":"stdout","time":"2017-10-18T07:11:39.606958487Z"}
{"log":"[2017-10-18T07:11:39.604Z] [INFO] [#sid_121] [CouchDbRestStore] [GET] 'test_whisks' finding document: 'id: whisk.system/invokerHealthTestAction1' [marker:database_getDocument_start:8729]\n","stream":"stdout","time":"2017-10-18T07:11:39.606982766Z"}
{"log":"[2017-10-18T07:11:39.672Z] [INFO] [#sid_121] [CouchDbRestStore] [GET] 'test_whisks' completed: found document 'id: whisk.system/invokerHealthTestAction1' [marker:database_getDocument_finish:8797:68]\n","stream":"stdout","time":"2017-10-18T07:11:39.676144455Z"}
{"log":"[2017-10-18T07:11:39.794Z] [INFO] [#sid_102] [DockerClientWithFileAccess]  [marker:invoker_docker.pause_finish:33953:202]\n","stream":"stdout","time":"2017-10-18T07:11:39.803930961Z"}
{"log":"[2017-10-18T07:11:39.796Z] [INFO] [#sid_121] [DockerClientWithFileAccess] running /usr/bin/docker unpause d9694d87c7787775e9aee559b06d600fe6a527c36bff3b7587f478272e862f77 [marker:invoker_docker.unpause_start:8921]\n","stream":"stdout","time":"2017-10-18T07:11:39.803972369Z"}
{"log":"[2017-10-18T07:11:39.907Z] [INFO] [#sid_121] [DockerClientWithFileAccess]  [marker:invoker_docker.unpause_finish:9024:103]\n","stream":"stdout","time":"2017-10-18T07:11:39.908623239Z"}
{"log":"[2017-10-18T07:11:39.907Z] [INFO] [#sid_121] [DockerContainer] sending arguments to /whisk.system/invokerHealthTestAction1 at ContainerId(d9694d87c7787775e9aee559b06d600fe6a527c36bff3b7587f478272e862f77) ContainerAddress(172.17.0.5,8080) [marker:invoker_activationRun_start:9025]\n","stream":"stdout","time":"2017-10-18T07:11:39.908654409Z"}
{"log":"[2017-10-18T07:11:39.937Z] [INFO] [#sid_121] [DockerContainer] running result: ok [marker:invoker_activationRun_finish:9048:23]\n","stream":"stdout","time":"2017-10-18T07:11:39.937816075Z"}
{"log":"[2017-10-18T07:11:39.951Z] [INFO] [#sid_121] [InvokerReactive] recording the activation result to the data store\n","stream":"stdout","time":"2017-10-18T07:11:39.958793632Z"}
{"log":"[2017-10-18T07:11:39.951Z] [INFO] [#sid_100] [CouchDbRestStore] 'test_activations' saving 1 documents [marker:database_saveDocumentBulk_start:34100]\n","stream":"stdout","time":"2017-10-18T07:11:39.958816015Z"}
{"log":"[2017-10-18T07:11:39.951Z] [INFO] [#sid_121] [InvokerReactive] posted completion of activation fb064c27323e47f6864c27323e77f691\n","stream":"stdout","time":"2017-10-18T07:11:39.958820997Z"}
{"log":"[2017-10-18T07:11:39.984Z] [INFO] [#sid_110] [MessageFeed] processing invoker2[0][12] (1/8)\n","stream":"stdout","time":"2017-10-18T07:11:39.98708678Z"}
{"log":"[2017-10-18T07:11:39.988Z] [INFO] [#sid_121] [InvokerReactive]  [marker:invoker_activation_start:9113]\n","stream":"stdout","time":"2017-10-18T07:11:39.989954217Z"}
{"log":"[2017-10-18T07:11:39.988Z] [INFO] [#sid_121] [InvokerReactive] whisk.system/invokerHealthTestAction1 whisk.system b4b4bcded9eb482eb4bcded9eb982e0e\n","stream":"stdout","time":"2017-10-18T07:11:39.98997906Z"}
{"log":"[2017-10-18T07:11:39.988Z] [WARN] [#sid_121] [InvokerReactive] revision was not provided for whisk.system/invokerHealthTestAction1\n","stream":"stdout","time":"2017-10-18T07:11:39.989984835Z"}
{"log":"[2017-10-18T07:11:39.988Z] [INFO] [#sid_121] [CouchDbRestStore] [GET] 'test_whisks' finding document: 'id: whisk.system/invokerHealthTestAction1' [marker:database_getDocument_start:9113]\n","stream":"stdout","time":"2017-10-18T07:11:39.989989205Z"}
{"log":"[2017-10-18T07:11:40.000Z] [INFO] [#sid_102] [DockerClientWithFileAccess] running /usr/bin/docker pause d9694d87c7787775e9aee559b06d600fe6a527c36bff3b7587f478272e862f77 [marker:invoker_docker.pause_start:34155]\n","stream":"stdout","time":"2017-10-18T07:11:40.000677783Z"}
{"log":"[2017-10-18T07:11:40.107Z] [INFO] [#sid_121] [CouchDbRestStore] [GET] 'test_whisks' completed: found document 'id: whisk.system/invokerHealthTestAction1' [marker:database_getDocument_finish:9232:119]\n","stream":"stdout","time":"2017-10-18T07:11:40.108751849Z"}
{"log":"[2017-10-18T07:11:40.133Z] [INFO] [#sid_102] [DockerClientWithFileAccess]  [marker:invoker_docker.pause_finish:34282:126]\n","stream":"stdout","time":"2017-10-18T07:11:40.134655689Z"}
{"log":"[2017-10-18T07:11:40.134Z] [INFO] [#sid_121] [DockerClientWithFileAccess] running /usr/bin/docker unpause d9694d87c7787775e9aee559b06d600fe6a527c36bff3b7587f478272e862f77 [marker:invoker_docker.unpause_start:9260]\n","stream":"stdout","time":"2017-10-18T07:11:40.134714096Z"}
{"log":"[2017-10-18T07:11:40.147Z] [INFO] [#sid_100] [CouchDbRestStore] 'test_activations' completed 1 documents [marker:database_saveDocumentBulk_finish:34306:206]\n","stream":"stdout","time":"2017-10-18T07:11:40.148866559Z"}
{"log":"[2017-10-18T07:11:40.147Z] [INFO] [#sid_121] [InvokerReactive] recorded activation\n","stream":"stdout","time":"2017-10-18T07:11:40.148910521Z"}
{"log":"[2017-10-18T07:11:40.249Z] [INFO] [#sid_121] [DockerClientWithFileAccess]  [marker:invoker_docker.unpause_finish:9358:98]\n","stream":"stdout","time":"2017-10-18T07:11:40.251346112Z"}
{"log":"[2017-10-18T07:11:40.250Z] [INFO] [#sid_121] [DockerContainer] sending arguments to /whisk.system/invokerHealthTestAction1 at ContainerId(d9694d87c7787775e9aee559b06d600fe6a527c36bff3b7587f478272e862f77) ContainerAddress(172.17.0.5,8080) [marker:invoker_activationRun_start:9359]\n","stream":"stdout","time":"2017-10-18T07:11:40.251369874Z"}
{"log":"[2017-10-18T07:11:40.255Z] [INFO] [#sid_121] [DockerContainer] running result: ok [marker:invoker_activationRun_finish:9379:20]\n","stream":"stdout","time":"2017-10-18T07:11:40.25673787Z"}
{"log":"[2017-10-18T07:11:40.289Z] [INFO] [#sid_121] [InvokerReactive] recording the activation result to the data store\n","stream":"stdout","time":"2017-10-18T07:11:40.290254473Z"}
{"log":"[2017-10-18T07:11:40.291Z] [INFO] [#sid_100] [CouchDbRestStore] 'test_activations' saving 1 documents [marker:database_saveDocumentBulk_start:34414]\n","stream":"stdout","time":"2017-10-18T07:11:40.293261217Z"}
{"log":"[2017-10-18T07:11:40.291Z] [INFO] [#sid_121] [InvokerReactive] posted completion of activation b4b4bcded9eb482eb4bcded9eb982e0e\n","stream":"stdout","time":"2017-10-18T07:11:40.293280355Z"}
{"log":"[2017-10-18T07:11:40.293Z] [INFO] [#sid_100] [CouchDbRestStore] 'test_activations' completed 1 documents [marker:database_saveDocumentBulk_finish:34452:38]\n","stream":"stdout","time":"2017-10-18T07:11:40.296829483Z"}
{"log":"[2017-10-18T07:11:40.294Z] [INFO] [#sid_121] [InvokerReactive] recorded activation\n","stream":"stdout","time":"2017-10-18T07:11:40.296849681Z"}
{"log":"[2017-10-18T07:11:40.314Z] [INFO] [#sid_102] [DockerClientWithFileAccess] running /usr/bin/docker pause d9694d87c7787775e9aee559b06d600fe6a527c36bff3b7587f478272e862f77 [marker:invoker_docker.pause_start:34473]\n","stream":"stdout","time":"2017-10-18T07:11:40.315236869Z"}
{"log":"[2017-10-18T07:11:40.376Z] [INFO] [#sid_110] [MessageFeed] processing invoker2[0][13] (1/8)\n","stream":"stdout","time":"2017-10-18T07:11:40.37895701Z"}
{"log":"[2017-10-18T07:11:40.405Z] [INFO] [#sid_121] [InvokerReactive]  [marker:invoker_activation_start:9526]\n","stream":"stdout","time":"2017-10-18T07:11:40.407413826Z"}
{"log":"[2017-10-18T07:11:40.406Z] [INFO] [#sid_121] [InvokerReactive] whisk.system/invokerHealthTestAction1 whisk.system 5731d68ead934dfbb1d68ead938dfbf7\n","stream":"stdout","time":"2017-10-18T07:11:40.407453116Z"}
{"log":"[2017-10-18T07:11:40.406Z] [WARN] [#sid_121] [InvokerReactive] revision was not provided for whisk.system/invokerHealthTestAction1\n","stream":"stdout","time":"2017-10-18T07:11:40.407458994Z"}
{"log":"[2017-10-18T07:11:40.432Z] [INFO] [#sid_121] [CouchDbRestStore] [GET] 'test_whisks' finding document: 'id: whisk.system/invokerHealthTestAction1' [marker:database_getDocument_start:9526]\n","stream":"stdout","time":"2017-10-18T07:11:40.434381789Z"}
{"log":"[2017-10-18T07:11:40.463Z] [INFO] [#sid_121] [CouchDbRestStore] [GET] 'test_whisks' completed: found document 'id: whisk.system/invokerHealthTestAction1' [marker:database_getDocument_finish:9586:54]\n","stream":"stdout","time":"2017-10-18T07:11:40.465096525Z"}
{"log":"[2017-10-18T07:11:40.470Z] [INFO] [#sid_102] [DockerClientWithFileAccess]  [marker:invoker_docker.pause_finish:34629:156]\n","stream":"stdout","time":"2017-10-18T07:11:40.474317777Z"}
{"log":"[2017-10-18T07:11:40.483Z] [INFO] [#sid_121] [DockerClientWithFileAccess] running /usr/bin/docker unpause d9694d87c7787775e9aee559b06d600fe6a527c36bff3b7587f478272e862f77 [marker:invoker_docker.unpause_start:9607]\n","stream":"stdout","time":"2017-10-18T07:11:40.484166229Z"}
{"log":"[2017-10-18T07:11:40.553Z] [INFO] [#sid_121] [DockerClientWithFileAccess]  [marker:invoker_docker.unpause_finish:9672:65]\n","stream":"stdout","time":"2017-10-18T07:11:40.554782765Z"}
{"log":"[2017-10-18T07:11:40.553Z] [INFO] [#sid_121] [DockerContainer] sending arguments to /whisk.system/invokerHealthTestAction1 at ContainerId(d9694d87c7787775e9aee559b06d600fe6a527c36bff3b7587f478272e862f77) ContainerAddress(172.17.0.5,8080) [marker:invoker_activationRun_start:9672]\n","stream":"stdout","time":"2017-10-18T07:11:40.55480831Z"}
{"log":"[2017-10-18T07:11:40.562Z] [INFO] [#sid_121] [DockerContainer] running result: ok [marker:invoker_activationRun_finish:9684:12]\n","stream":"stdout","time":"2017-10-18T07:11:40.562934928Z"}
{"log":"[2017-10-18T07:11:40.570Z] [INFO] [#sid_121] [InvokerReactive] recording the activation result to the data store\n","stream":"stdout","time":"2017-10-18T07:11:40.571855624Z"}
{"log":"[2017-10-18T07:11:40.674Z] [INFO] [#sid_100] [CouchDbRestStore] 'test_activations' saving 1 documents [marker:database_saveDocumentBulk_start:34729]\n","stream":"stdout","time":"2017-10-18T07:11:40.675803601Z"}
{"log":"[2017-10-18T07:11:40.676Z] [INFO] [#sid_121] [InvokerReactive] posted completion of activation 5731d68ead934dfbb1d68ead938dfbf7\n","stream":"stdout","time":"2017-10-18T07:11:40.67825028Z"}
{"log":"[2017-10-18T07:11:40.711Z] [INFO] [#sid_110] [MessageFeed] processing invoker2[0][14] (1/8)\n","stream":"stdout","time":"2017-10-18T07:11:40.717616428Z"}
{"log":"[2017-10-18T07:11:40.716Z] [INFO] [#sid_121] [InvokerReactive]  [marker:invoker_activation_start:9841]\n","stream":"stdout","time":"2017-10-18T07:11:40.717660655Z"}
{"log":"[2017-10-18T07:11:40.716Z] [INFO] [#sid_121] [InvokerReactive] whisk.system/invokerHealthTestAction1 whisk.system 0e9a1aa543ce42919a1aa543ce929197\n","stream":"stdout","time":"2017-10-18T07:11:40.717666585Z"}
{"log":"[2017-10-18T07:11:40.716Z] [WARN] [#sid_121] [InvokerReactive] revision was not provided for whisk.system/invokerHealthTestAction1\n","stream":"stdout","time":"2017-10-18T07:11:40.717671047Z"}
{"log":"[2017-10-18T07:11:40.716Z] [INFO] [#sid_121] [CouchDbRestStore] [GET] 'test_whisks' finding document: 'id: whisk.system/invokerHealthTestAction1' [marker:database_getDocument_start:9841]\n","stream":"stdout","time":"2017-10-18T07:11:40.717675286Z"}
{"log":"[2017-10-18T07:11:40.752Z] [INFO] [#sid_102] [DockerClientWithFileAccess] running /usr/bin/docker pause d9694d87c7787775e9aee559b06d600fe6a527c36bff3b7587f478272e862f77 [marker:invoker_docker.pause_start:34910]\n","stream":"stdout","time":"2017-10-18T07:11:40.753619957Z"}
{"log":"[2017-10-18T07:11:40.753Z] [INFO] [#sid_100] [CouchDbRestStore] 'test_activations' completed 1 documents [marker:database_saveDocumentBulk_finish:34911:182]\n","stream":"stdout","time":"2017-10-18T07:11:40.753664753Z"}
{"log":"[2017-10-18T07:11:40.753Z] [INFO] [#sid_121] [InvokerReactive] recorded activation\n","stream":"stdout","time":"2017-10-18T07:11:40.753670709Z"}
{"log":"[2017-10-18T07:11:40.782Z] [INFO] [#sid_121] [CouchDbRestStore] [GET] 'test_whisks' completed: found document 'id: whisk.system/invokerHealthTestAction1' [marker:database_getDocument_finish:9898:57]\n","stream":"stdout","time":"2017-10-18T07:11:40.784855238Z"}
{"log":"[2017-10-18T07:11:40.869Z] [INFO] [#sid_102] [DockerClientWithFileAccess]  [marker:invoker_docker.pause_finish:35027:117]\n","stream":"stdout","time":"2017-10-18T07:11:40.870191988Z"}
{"log":"[2017-10-18T07:11:40.870Z] [INFO] [#sid_121] [DockerClientWithFileAccess] running /usr/bin/docker unpause d9694d87c7787775e9aee559b06d600fe6a527c36bff3b7587f478272e862f77 [marker:invoker_docker.unpause_start:9995]\n","stream":"stdout","time":"2017-10-18T07:11:40.874561681Z"}
{"log":"[2017-10-18T07:11:40.927Z] [INFO] [#sid_121] [DockerClientWithFileAccess]  [marker:invoker_docker.unpause_finish:10050:55]\n","stream":"stdout","time":"2017-10-18T07:11:40.9335273Z"}
{"log":"[2017-10-18T07:11:40.927Z] [INFO] [#sid_121] [DockerContainer] sending arguments to /whisk.system/invokerHealthTestAction1 at ContainerId(d9694d87c7787775e9aee559b06d600fe6a527c36bff3b7587f478272e862f77) ContainerAddress(172.17.0.5,8080) [marker:invoker_activationRun_start:10051]\n","stream":"stdout","time":"2017-10-18T07:11:40.933580731Z"}
{"log":"[2017-10-18T07:11:40.962Z] [INFO] [#sid_121] [DockerContainer] running result: ok [marker:invoker_activationRun_finish:10086:34]\n","stream":"stdout","time":"2017-10-18T07:11:40.96376705Z"}
{"log":"[2017-10-18T07:11:40.974Z] [INFO] [#sid_121] [InvokerReactive] recording the activation result to the data store\n","stream":"stdout","time":"2017-10-18T07:11:40.977221978Z"}
{"log":"[2017-10-18T07:11:40.974Z] [INFO] [#sid_100] [CouchDbRestStore] 'test_activations' saving 1 documents [marker:database_saveDocumentBulk_start:35122]\n","stream":"stdout","time":"2017-10-18T07:11:40.977266513Z"}
{"log":"[2017-10-18T07:11:40.974Z] [INFO] [#sid_121] [InvokerReactive] posted completion of activation 0e9a1aa543ce42919a1aa543ce929197\n","stream":"stdout","time":"2017-10-18T07:11:40.97727142Z"}
{"log":"[2017-10-18T07:11:41.014Z] [INFO] [#sid_100] [CouchDbRestStore] 'test_activations' completed 1 documents [marker:database_saveDocumentBulk_finish:35172:50]\n","stream":"stdout","time":"2017-10-18T07:11:41.014726639Z"}
{"log":"[2017-10-18T07:11:41.029Z] [INFO] [#sid_121] [InvokerReactive] recorded activation\n","stream":"stdout","time":"2017-10-18T07:11:41.030208288Z"}
{"log":"[2017-10-18T07:11:41.033Z] [INFO] [#sid_102] [DockerClientWithFileAccess] running /usr/bin/docker pause d9694d87c7787775e9aee559b06d600fe6a527c36bff3b7587f478272e862f77 [marker:invoker_docker.pause_start:35188]\n","stream":"stdout","time":"2017-10-18T07:11:41.035179066Z"}
{"log":"[2017-10-18T07:11:41.033Z] [INFO] [#sid_110] [MessageFeed] processing invoker2[0][15] (1/8)\n","stream":"stdout","time":"2017-10-18T07:11:41.035224276Z"}
{"log":"[2017-10-18T07:11:41.033Z] [INFO] [#sid_121] [InvokerReactive]  [marker:invoker_activation_start:10158]\n","stream":"stdout","time":"2017-10-18T07:11:41.035229493Z"}
{"log":"[2017-10-18T07:11:41.033Z] [INFO] [#sid_121] [InvokerReactive] whisk.system/invokerHealthTestAction1 whisk.system b3fd2b718a09476ebd2b718a09f76ede\n","stream":"stdout","time":"2017-10-18T07:11:41.035233613Z"}
{"log":"[2017-10-18T07:11:41.033Z] [WARN] [#sid_121] [InvokerReactive] revision was not provided for whisk.system/invokerHealthTestAction1\n","stream":"stdout","time":"2017-10-18T07:11:41.035237913Z"}
{"log":"[2017-10-18T07:11:41.033Z] [INFO] [#sid_121] [CouchDbRestStore] [GET] 'test_whisks' finding document: 'id: whisk.system/invokerHealthTestAction1' [marker:database_getDocument_start:10158]\n","stream":"stdout","time":"2017-10-18T07:11:41.035242108Z"}
{"log":"[2017-10-18T07:11:41.062Z] [INFO] [#sid_121] [CouchDbRestStore] [GET] 'test_whisks' completed: found document 'id: whisk.system/invokerHealthTestAction1' [marker:database_getDocument_finish:10187:29]\n","stream":"stdout","time":"2017-10-18T07:11:41.064944124Z"}
{"log":"[2017-10-18T07:11:41.172Z] [INFO] [#sid_102] [DockerClientWithFileAccess]  [marker:invoker_docker.pause_finish:35330:142]\n","stream":"stdout","time":"2017-10-18T07:11:41.17398978Z"}
{"log":"[2017-10-18T07:11:41.172Z] [INFO] [#sid_121] [DockerClientWithFileAccess] running /usr/bin/docker unpause d9694d87c7787775e9aee559b06d600fe6a527c36bff3b7587f478272e862f77 [marker:invoker_docker.unpause_start:10297]\n","stream":"stdout","time":"2017-10-18T07:11:41.17403135Z"}
{"log":"[2017-10-18T07:11:41.246Z] [INFO] [#sid_121] [DockerClientWithFileAccess]  [marker:invoker_docker.unpause_finish:10360:63]\n","stream":"stdout","time":"2017-10-18T07:11:41.268682792Z"}
{"log":"[2017-10-18T07:11:41.270Z] [INFO] [#sid_121] [DockerContainer] sending arguments to /whisk.system/invokerHealthTestAction1 at ContainerId(d9694d87c7787775e9aee559b06d600fe6a527c36bff3b7587f478272e862f77) ContainerAddress(172.17.0.5,8080) [marker:invoker_activationRun_start:10361]\n","stream":"stdout","time":"2017-10-18T07:11:41.270607638Z"}
{"log":"[2017-10-18T07:11:41.275Z] [INFO] [#sid_121] [DockerContainer] running result: ok [marker:invoker_activationRun_finish:10398:37]\n","stream":"stdout","time":"2017-10-18T07:11:41.275434961Z"}
{"log":"[2017-10-18T07:11:41.287Z] [INFO] [#sid_121] [InvokerReactive] recording the activation result to the data store\n","stream":"stdout","time":"2017-10-18T07:11:41.288057104Z"}
{"log":"[2017-10-18T07:11:41.292Z] [INFO] [#sid_100] [CouchDbRestStore] 'test_activations' saving 1 documents [marker:database_saveDocumentBulk_start:35446]\n","stream":"stdout","time":"2017-10-18T07:11:41.293275189Z"}
{"log":"[2017-10-18T07:11:41.302Z] [INFO] [#sid_121] [InvokerReactive] posted completion of activation b3fd2b718a09476ebd2b718a09f76ede\n","stream":"stdout","time":"2017-10-18T07:11:41.303197877Z"}
{"log":"[2017-10-18T07:11:41.335Z] [INFO] [#sid_100] [CouchDbRestStore] 'test_activations' completed 1 documents [marker:database_saveDocumentBulk_finish:35492:46]\n","stream":"stdout","time":"2017-10-18T07:11:41.337086513Z"}
{"log":"[2017-10-18T07:11:41.336Z] [INFO] [#sid_121] [InvokerReactive] recorded activation\n","stream":"stdout","time":"2017-10-18T07:11:41.337150017Z"}
{"log":"[2017-10-18T07:11:41.355Z] [INFO] [#sid_102] [DockerClientWithFileAccess] running /usr/bin/docker pause d9694d87c7787775e9aee559b06d600fe6a527c36bff3b7587f478272e862f77 [marker:invoker_docker.pause_start:35513]\n","stream":"stdout","time":"2017-10-18T07:11:41.356018218Z"}
{"log":"[2017-10-18T07:11:41.416Z] [INFO] [#sid_102] [DockerClientWithFileAccess]  [marker:invoker_docker.pause_finish:35573:59]\n","stream":"stdout","time":"2017-10-18T07:11:41.417225553Z"}
{"log":"[2017-10-18T07:21:26.422Z] [INFO] [#sid_102] [DockerClientWithFileAccess] running /usr/bin/docker unpause 12f5ba0d4b1be11a543f62d18029c71bd02691dbee549e4bcaea70efc7e54c2b [marker:invoker_docker.unpause_start:620575]\n","stream":"stdout","time":"2017-10-18T07:21:26.423243717Z"}
{"log":"[2017-10-18T07:21:26.481Z] [INFO] [#sid_102] [DockerClientWithFileAccess]  [marker:invoker_docker.unpause_finish:620637:57]\n","stream":"stdout","time":"2017-10-18T07:21:26.482429028Z"}
{"log":"[2017-10-18T07:21:26.482Z] [INFO] [#sid_102] [DockerClientWithFileAccess] running /usr/bin/docker rm -f 12f5ba0d4b1be11a543f62d18029c71bd02691dbee549e4bcaea70efc7e54c2b [marker:invoker_docker.rm_start:620639]\n","stream":"stdout","time":"2017-10-18T07:21:26.482666697Z"}
{"log":"[2017-10-18T07:21:27.612Z] [INFO] [#sid_102] [DockerClientWithFileAccess]  [marker:invoker_docker.rm_finish:621770:1131]\n","stream":"stdout","time":"2017-10-18T07:21:27.613333816Z"}
{"log":"[2017-10-18T07:21:41.433Z] [INFO] [#sid_102] [DockerClientWithFileAccess] running /usr/bin/docker unpause d9694d87c7787775e9aee559b06d600fe6a527c36bff3b7587f478272e862f77 [marker:invoker_docker.unpause_start:635591]\n","stream":"stdout","time":"2017-10-18T07:21:41.433855494Z"}
{"log":"[2017-10-18T07:21:41.478Z] [INFO] [#sid_102] [DockerClientWithFileAccess]  [marker:invoker_docker.unpause_finish:635634:43]\n","stream":"stdout","time":"2017-10-18T07:21:41.481430991Z"}
{"log":"[2017-10-18T07:21:41.478Z] [INFO] [#sid_102] [DockerClientWithFileAccess] running /usr/bin/docker rm -f d9694d87c7787775e9aee559b06d600fe6a527c36bff3b7587f478272e862f77 [marker:invoker_docker.rm_start:635634]\n","stream":"stdout","time":"2017-10-18T07:21:41.48147957Z"}
{"log":"[2017-10-18T07:21:42.615Z] [INFO] [#sid_102] [DockerClientWithFileAccess]  [marker:invoker_docker.rm_finish:636773:1139]\n","stream":"stdout","time":"2017-10-18T07:21:42.616672082Z"}
